{"meta": {"format": 3, "version": "7.13.4", "timestamp": "2026-02-16T11:22:10.669194", "branch_coverage": false, "show_contexts": false}, "files": {"app/__init__.py": {"executed_lines": [], "summary": {"covered_lines": 0, "num_statements": 0, "percent_covered": 100.0, "percent_covered_display": "100", "missing_lines": 0, "excluded_lines": 0, "percent_statements_covered": 100.0, "percent_statements_covered_display": "100"}, "missing_lines": [], "excluded_lines": [], "functions": {"": {"executed_lines": [], "summary": {"covered_lines": 0, "num_statements": 0, "percent_covered": 100.0, "percent_covered_display": "100", "missing_lines": 0, "excluded_lines": 0, "percent_statements_covered": 100.0, "percent_statements_covered_display": "100"}, "missing_lines": [], "excluded_lines": [], "start_line": 1}}, "classes": {"": {"executed_lines": [], "summary": {"covered_lines": 0, "num_statements": 0, "percent_covered": 100.0, "percent_covered_display": "100", "missing_lines": 0, "excluded_lines": 0, "percent_statements_covered": 100.0, "percent_statements_covered_display": "100"}, "missing_lines": [], "excluded_lines": [], "start_line": 1}}}, "app/api/__init__.py": {"executed_lines": [2, 4], "summary": {"covered_lines": 2, "num_statements": 2, "percent_covered": 100.0, "percent_covered_display": "100", "missing_lines": 0, "excluded_lines": 0, "percent_statements_covered": 100.0, "percent_statements_covered_display": "100"}, "missing_lines": [], "excluded_lines": [], "functions": {"": {"executed_lines": [2, 4], "summary": {"covered_lines": 2, "num_statements": 2, "percent_covered": 100.0, "percent_covered_display": "100", "missing_lines": 0, "excluded_lines": 0, "percent_statements_covered": 100.0, "percent_statements_covered_display": "100"}, "missing_lines": [], "excluded_lines": [], "start_line": 1}}, "classes": {"": {"executed_lines": [2, 4], "summary": {"covered_lines": 2, "num_statements": 2, "percent_covered": 100.0, "percent_covered_display": "100", "missing_lines": 0, "excluded_lines": 0, "percent_statements_covered": 100.0, "percent_statements_covered_display": "100"}, "missing_lines": [], "excluded_lines": [], "start_line": 1}}}, "app/api/api_config.py": {"executed_lines": [7, 8, 9, 11, 14, 16, 17, 34, 35, 38, 41, 42, 43, 44, 51, 57, 60, 65, 68, 70, 73, 78], "summary": {"covered_lines": 22, "num_statements": 38, "percent_covered": 57.89473684210526, "percent_covered_display": "58", "missing_lines": 16, "excluded_lines": 0, "percent_statements_covered": 57.89473684210526, "percent_statements_covered_display": "58"}, "missing_lines": [18, 20, 21, 22, 23, 24, 25, 26, 27, 28, 29, 30, 31, 46, 75, 80], "excluded_lines": [], "functions": {"admin_url": {"executed_lines": [70], "summary": {"covered_lines": 1, "num_statements": 1, "percent_covered": 100.0, "percent_covered_display": "100", "missing_lines": 0, "excluded_lines": 0, "percent_statements_covered": 100.0, "percent_statements_covered_display": "100"}, "missing_lines": [], "excluded_lines": [], "start_line": 68}, "labs_url": {"executed_lines": [], "summary": {"covered_lines": 0, "num_statements": 1, "percent_covered": 0.0, "percent_covered_display": "0", "missing_lines": 1, "excluded_lines": 0, "percent_statements_covered": 0.0, "percent_statements_covered_display": "0"}, "missing_lines": [75], "excluded_lines": [], "start_line": 73}, "flow_url": {"executed_lines": [], "summary": {"covered_lines": 0, "num_statements": 1, "percent_covered": 0.0, "percent_covered_display": "0", "missing_lines": 1, "excluded_lines": 0, "percent_statements_covered": 0.0, "percent_statements_covered_display": "0"}, "missing_lines": [80], "excluded_lines": [], "start_line": 78}, "": {"executed_lines": [7, 8, 9, 11, 14, 16, 17, 34, 35, 38, 41, 42, 43, 44, 51, 57, 60, 65, 68, 73, 78], "summary": {"covered_lines": 21, "num_statements": 35, "percent_covered": 60.0, "percent_covered_display": "60", "missing_lines": 14, "excluded_lines": 0, "percent_statements_covered": 60.0, "percent_statements_covered_display": "60"}, "missing_lines": [18, 20, 21, 22, 23, 24, 25, 26, 27, 28, 29, 30, 31, 46], "excluded_lines": [], "start_line": 1}}, "classes": {"": {"executed_lines": [7, 8, 9, 11, 14, 16, 17, 34, 35, 38, 41, 42, 43, 44, 51, 57, 60, 65, 68, 70, 73, 78], "summary": {"covered_lines": 22, "num_statements": 38, "percent_covered": 57.89473684210526, "percent_covered_display": "58", "missing_lines": 16, "excluded_lines": 0, "percent_statements_covered": 57.89473684210526, "percent_statements_covered_display": "58"}, "missing_lines": [18, 20, 21, 22, 23, 24, 25, 26, 27, 28, 29, 30, 31, 46, 75, 80], "excluded_lines": [], "start_line": 1}}}, "app/api/base_api.py": {"executed_lines": [6, 7, 10, 15, 16, 19, 20, 23, 24, 27, 28, 31, 32, 35, 36, 41, 42, 45, 46, 49, 50, 53, 54, 57, 58, 63, 64, 67, 68, 71, 72, 75, 76, 79, 80, 85, 86, 89, 90, 93, 94, 97, 98, 101, 102, 105, 106, 111, 112, 115, 116, 119, 120, 123, 124, 129, 130, 133, 134, 140, 141, 146, 147, 150, 151, 154, 155, 163, 164], "summary": {"covered_lines": 69, "num_statements": 69, "percent_covered": 100.0, "percent_covered_display": "100", "missing_lines": 0, "excluded_lines": 0, "percent_statements_covered": 100.0, "percent_statements_covered_display": "100"}, "missing_lines": [], "excluded_lines": [], "functions": {"BaseApi.get_queue": {"executed_lines": [], "summary": {"covered_lines": 0, "num_statements": 0, "percent_covered": 100.0, "percent_covered_display": "100", "missing_lines": 0, "excluded_lines": 0, "percent_statements_covered": 100.0, "percent_statements_covered_display": "100"}, "missing_lines": [], "excluded_lines": [], "start_line": 16}, "BaseApi.get_task": {"executed_lines": [], "summary": {"covered_lines": 0, "num_statements": 0, "percent_covered": 100.0, "percent_covered_display": "100", "missing_lines": 0, "excluded_lines": 0, "percent_statements_covered": 100.0, "percent_statements_covered_display": "100"}, "missing_lines": [], "excluded_lines": [], "start_line": 20}, "BaseApi.add_to_queue": {"executed_lines": [], "summary": {"covered_lines": 0, "num_statements": 0, "percent_covered": 100.0, "percent_covered_display": "100", "missing_lines": 0, "excluded_lines": 0, "percent_statements_covered": 100.0, "percent_statements_covered_display": "100"}, "missing_lines": [], "excluded_lines": [], "start_line": 24}, "BaseApi.update_task": {"executed_lines": [], "summary": {"covered_lines": 0, "num_statements": 0, "percent_covered": 100.0, "percent_covered_display": "100", "missing_lines": 0, "excluded_lines": 0, "percent_statements_covered": 100.0, "percent_statements_covered_display": "100"}, "missing_lines": [], "excluded_lines": [], "start_line": 28}, "BaseApi.delete_tasks": {"executed_lines": [], "summary": {"covered_lines": 0, "num_statements": 0, "percent_covered": 100.0, "percent_covered_display": "100", "missing_lines": 0, "excluded_lines": 0, "percent_statements_covered": 100.0, "percent_statements_covered_display": "100"}, "missing_lines": [], "excluded_lines": [], "start_line": 32}, "BaseApi.clear_queue": {"executed_lines": [], "summary": {"covered_lines": 0, "num_statements": 0, "percent_covered": 100.0, "percent_covered_display": "100", "missing_lines": 0, "excluded_lines": 0, "percent_statements_covered": 100.0, "percent_statements_covered_display": "100"}, "missing_lines": [], "excluded_lines": [], "start_line": 36}, "BaseApi.run_selected": {"executed_lines": [], "summary": {"covered_lines": 0, "num_statements": 0, "percent_covered": 100.0, "percent_covered_display": "100", "missing_lines": 0, "excluded_lines": 0, "percent_statements_covered": 100.0, "percent_statements_covered_display": "100"}, "missing_lines": [], "excluded_lines": [], "start_line": 42}, "BaseApi.run_all": {"executed_lines": [], "summary": {"covered_lines": 0, "num_statements": 0, "percent_covered": 100.0, "percent_covered_display": "100", "missing_lines": 0, "excluded_lines": 0, "percent_statements_covered": 100.0, "percent_statements_covered_display": "100"}, "missing_lines": [], "excluded_lines": [], "start_line": 46}, "BaseApi.pause": {"executed_lines": [], "summary": {"covered_lines": 0, "num_statements": 0, "percent_covered": 100.0, "percent_covered_display": "100", "missing_lines": 0, "excluded_lines": 0, "percent_statements_covered": 100.0, "percent_statements_covered_display": "100"}, "missing_lines": [], "excluded_lines": [], "start_line": 50}, "BaseApi.stop": {"executed_lines": [], "summary": {"covered_lines": 0, "num_statements": 0, "percent_covered": 100.0, "percent_covered_display": "100", "missing_lines": 0, "excluded_lines": 0, "percent_statements_covered": 100.0, "percent_statements_covered_display": "100"}, "missing_lines": [], "excluded_lines": [], "start_line": 54}, "BaseApi.retry_errors": {"executed_lines": [], "summary": {"covered_lines": 0, "num_statements": 0, "percent_covered": 100.0, "percent_covered_display": "100", "missing_lines": 0, "excluded_lines": 0, "percent_statements_covered": 100.0, "percent_statements_covered_display": "100"}, "missing_lines": [], "excluded_lines": [], "start_line": 58}, "BaseApi.get_cookies": {"executed_lines": [], "summary": {"covered_lines": 0, "num_statements": 0, "percent_covered": 100.0, "percent_covered_display": "100", "missing_lines": 0, "excluded_lines": 0, "percent_statements_covered": 100.0, "percent_statements_covered_display": "100"}, "missing_lines": [], "excluded_lines": [], "start_line": 64}, "BaseApi.add_cookie": {"executed_lines": [], "summary": {"covered_lines": 0, "num_statements": 0, "percent_covered": 100.0, "percent_covered_display": "100", "missing_lines": 0, "excluded_lines": 0, "percent_statements_covered": 100.0, "percent_statements_covered_display": "100"}, "missing_lines": [], "excluded_lines": [], "start_line": 68}, "BaseApi.delete_cookie": {"executed_lines": [], "summary": {"covered_lines": 0, "num_statements": 0, "percent_covered": 100.0, "percent_covered_display": "100", "missing_lines": 0, "excluded_lines": 0, "percent_statements_covered": 100.0, "percent_statements_covered_display": "100"}, "missing_lines": [], "excluded_lines": [], "start_line": 72}, "BaseApi.refresh_cookies": {"executed_lines": [], "summary": {"covered_lines": 0, "num_statements": 0, "percent_covered": 100.0, "percent_covered_display": "100", "missing_lines": 0, "excluded_lines": 0, "percent_statements_covered": 100.0, "percent_statements_covered_display": "100"}, "missing_lines": [], "excluded_lines": [], "start_line": 76}, "BaseApi.check_cookie": {"executed_lines": [], "summary": {"covered_lines": 0, "num_statements": 0, "percent_covered": 100.0, "percent_covered_display": "100", "missing_lines": 0, "excluded_lines": 0, "percent_statements_covered": 100.0, "percent_statements_covered_display": "100"}, "missing_lines": [], "excluded_lines": [], "start_line": 80}, "BaseApi.get_projects": {"executed_lines": [], "summary": {"covered_lines": 0, "num_statements": 0, "percent_covered": 100.0, "percent_covered_display": "100", "missing_lines": 0, "excluded_lines": 0, "percent_statements_covered": 100.0, "percent_statements_covered_display": "100"}, "missing_lines": [], "excluded_lines": [], "start_line": 86}, "BaseApi.add_project": {"executed_lines": [], "summary": {"covered_lines": 0, "num_statements": 0, "percent_covered": 100.0, "percent_covered_display": "100", "missing_lines": 0, "excluded_lines": 0, "percent_statements_covered": 100.0, "percent_statements_covered_display": "100"}, "missing_lines": [], "excluded_lines": [], "start_line": 90}, "BaseApi.update_project": {"executed_lines": [], "summary": {"covered_lines": 0, "num_statements": 0, "percent_covered": 100.0, "percent_covered_display": "100", "missing_lines": 0, "excluded_lines": 0, "percent_statements_covered": 100.0, "percent_statements_covered_display": "100"}, "missing_lines": [], "excluded_lines": [], "start_line": 94}, "BaseApi.delete_project": {"executed_lines": [], "summary": {"covered_lines": 0, "num_statements": 0, "percent_covered": 100.0, "percent_covered_display": "100", "missing_lines": 0, "excluded_lines": 0, "percent_statements_covered": 100.0, "percent_statements_covered_display": "100"}, "missing_lines": [], "excluded_lines": [], "start_line": 98}, "BaseApi.set_active_project": {"executed_lines": [], "summary": {"covered_lines": 0, "num_statements": 0, "percent_covered": 100.0, "percent_covered_display": "100", "missing_lines": 0, "excluded_lines": 0, "percent_statements_covered": 100.0, "percent_statements_covered_display": "100"}, "missing_lines": [], "excluded_lines": [], "start_line": 102}, "BaseApi.get_active_project": {"executed_lines": [], "summary": {"covered_lines": 0, "num_statements": 0, "percent_covered": 100.0, "percent_covered_display": "100", "missing_lines": 0, "excluded_lines": 0, "percent_statements_covered": 100.0, "percent_statements_covered_display": "100"}, "missing_lines": [], "excluded_lines": [], "start_line": 106}, "BaseApi.get_tokens": {"executed_lines": [], "summary": {"covered_lines": 0, "num_statements": 0, "percent_covered": 100.0, "percent_covered_display": "100", "missing_lines": 0, "excluded_lines": 0, "percent_statements_covered": 100.0, "percent_statements_covered_display": "100"}, "missing_lines": [], "excluded_lines": [], "start_line": 112}, "BaseApi.add_token": {"executed_lines": [], "summary": {"covered_lines": 0, "num_statements": 0, "percent_covered": 100.0, "percent_covered_display": "100", "missing_lines": 0, "excluded_lines": 0, "percent_statements_covered": 100.0, "percent_statements_covered_display": "100"}, "missing_lines": [], "excluded_lines": [], "start_line": 116}, "BaseApi.update_token": {"executed_lines": [], "summary": {"covered_lines": 0, "num_statements": 0, "percent_covered": 100.0, "percent_covered_display": "100", "missing_lines": 0, "excluded_lines": 0, "percent_statements_covered": 100.0, "percent_statements_covered_display": "100"}, "missing_lines": [], "excluded_lines": [], "start_line": 120}, "BaseApi.delete_token": {"executed_lines": [], "summary": {"covered_lines": 0, "num_statements": 0, "percent_covered": 100.0, "percent_covered_display": "100", "missing_lines": 0, "excluded_lines": 0, "percent_statements_covered": 100.0, "percent_statements_covered_display": "100"}, "missing_lines": [], "excluded_lines": [], "start_line": 124}, "BaseApi.create_flow": {"executed_lines": [], "summary": {"covered_lines": 0, "num_statements": 0, "percent_covered": 100.0, "percent_covered_display": "100", "missing_lines": 0, "excluded_lines": 0, "percent_statements_covered": 100.0, "percent_statements_covered_display": "100"}, "missing_lines": [], "excluded_lines": [], "start_line": 130}, "BaseApi.get_flows": {"executed_lines": [], "summary": {"covered_lines": 0, "num_statements": 0, "percent_covered": 100.0, "percent_covered_display": "100", "missing_lines": 0, "excluded_lines": 0, "percent_statements_covered": 100.0, "percent_statements_covered_display": "100"}, "missing_lines": [], "excluded_lines": [], "start_line": 134}, "BaseApi.delete_flow": {"executed_lines": [], "summary": {"covered_lines": 0, "num_statements": 0, "percent_covered": 100.0, "percent_covered_display": "100", "missing_lines": 0, "excluded_lines": 0, "percent_statements_covered": 100.0, "percent_statements_covered_display": "100"}, "missing_lines": [], "excluded_lines": [], "start_line": 141}, "BaseApi.test_server_cookie": {"executed_lines": [], "summary": {"covered_lines": 0, "num_statements": 0, "percent_covered": 100.0, "percent_covered_display": "100", "missing_lines": 0, "excluded_lines": 0, "percent_statements_covered": 100.0, "percent_statements_covered_display": "100"}, "missing_lines": [], "excluded_lines": [], "start_line": 147}, "BaseApi.save_server_cookie": {"executed_lines": [], "summary": {"covered_lines": 0, "num_statements": 0, "percent_covered": 100.0, "percent_covered_display": "100", "missing_lines": 0, "excluded_lines": 0, "percent_statements_covered": 100.0, "percent_statements_covered_display": "100"}, "missing_lines": [], "excluded_lines": [], "start_line": 151}, "BaseApi.get_api_keys": {"executed_lines": [], "summary": {"covered_lines": 0, "num_statements": 0, "percent_covered": 100.0, "percent_covered_display": "100", "missing_lines": 0, "excluded_lines": 0, "percent_statements_covered": 100.0, "percent_statements_covered_display": "100"}, "missing_lines": [], "excluded_lines": [], "start_line": 155}, "BaseApi.delete_api_key": {"executed_lines": [], "summary": {"covered_lines": 0, "num_statements": 0, "percent_covered": 100.0, "percent_covered_display": "100", "missing_lines": 0, "excluded_lines": 0, "percent_statements_covered": 100.0, "percent_statements_covered_display": "100"}, "missing_lines": [], "excluded_lines": [], "start_line": 164}, "": {"executed_lines": [6, 7, 10, 15, 16, 19, 20, 23, 24, 27, 28, 31, 32, 35, 36, 41, 42, 45, 46, 49, 50, 53, 54, 57, 58, 63, 64, 67, 68, 71, 72, 75, 76, 79, 80, 85, 86, 89, 90, 93, 94, 97, 98, 101, 102, 105, 106, 111, 112, 115, 116, 119, 120, 123, 124, 129, 130, 133, 134, 140, 141, 146, 147, 150, 151, 154, 155, 163, 164], "summary": {"covered_lines": 69, "num_statements": 69, "percent_covered": 100.0, "percent_covered_display": "100", "missing_lines": 0, "excluded_lines": 0, "percent_statements_covered": 100.0, "percent_statements_covered_display": "100"}, "missing_lines": [], "excluded_lines": [], "start_line": 1}}, "classes": {"BaseApi": {"executed_lines": [], "summary": {"covered_lines": 0, "num_statements": 0, "percent_covered": 100.0, "percent_covered_display": "100", "missing_lines": 0, "excluded_lines": 0, "percent_statements_covered": 100.0, "percent_statements_covered_display": "100"}, "missing_lines": [], "excluded_lines": [], "start_line": 10}, "": {"executed_lines": [6, 7, 10, 15, 16, 19, 20, 23, 24, 27, 28, 31, 32, 35, 36, 41, 42, 45, 46, 49, 50, 53, 54, 57, 58, 63, 64, 67, 68, 71, 72, 75, 76, 79, 80, 85, 86, 89, 90, 93, 94, 97, 98, 101, 102, 105, 106, 111, 112, 115, 116, 119, 120, 123, 124, 129, 130, 133, 134, 140, 141, 146, 147, 150, 151, 154, 155, 163, 164], "summary": {"covered_lines": 69, "num_statements": 69, "percent_covered": 100.0, "percent_covered_display": "100", "missing_lines": 0, "excluded_lines": 0, "percent_statements_covered": 100.0, "percent_statements_covered_display": "100"}, "missing_lines": [], "excluded_lines": [], "start_line": 1}}}, "app/api/cookie_api.py": {"executed_lines": [], "summary": {"covered_lines": 0, "num_statements": 153, "percent_covered": 0.0, "percent_covered_display": "0", "missing_lines": 153, "excluded_lines": 0, "percent_statements_covered": 0.0, "percent_statements_covered_display": "0"}, "missing_lines": [9, 10, 11, 12, 13, 14, 15, 17, 20, 23, 24, 26, 28, 30, 32, 36, 37, 38, 42, 59, 60, 62, 63, 65, 66, 73, 74, 76, 77, 79, 80, 82, 83, 89, 90, 91, 92, 93, 94, 95, 96, 100, 115, 116, 117, 118, 120, 121, 128, 129, 131, 132, 134, 135, 137, 138, 144, 145, 146, 147, 148, 149, 150, 151, 155, 171, 180, 182, 183, 189, 191, 192, 194, 195, 197, 198, 200, 207, 208, 209, 210, 211, 212, 213, 214, 218, 225, 227, 228, 234, 236, 237, 239, 240, 242, 243, 245, 246, 247, 248, 249, 250, 251, 252, 255, 262, 264, 265, 272, 274, 275, 277, 278, 280, 282, 283, 284, 285, 286, 287, 288, 289, 293, 304, 305, 307, 308, 315, 316, 318, 319, 321, 322, 324, 326, 327, 328, 329, 330, 331, 332, 333, 337, 339, 340, 341, 342, 343, 344, 345, 346, 347, 348], "excluded_lines": [], "functions": {"CookieApiClient.__init__": {"executed_lines": [], "summary": {"covered_lines": 0, "num_statements": 1, "percent_covered": 0.0, "percent_covered_display": "0", "missing_lines": 1, "excluded_lines": 0, "percent_statements_covered": 0.0, "percent_statements_covered_display": "0"}, "missing_lines": [24], "excluded_lines": [], "start_line": 23}, "CookieApiClient.set_access_token": {"executed_lines": [], "summary": {"covered_lines": 0, "num_statements": 1, "percent_covered": 0.0, "percent_covered_display": "0", "missing_lines": 1, "excluded_lines": 0, "percent_statements_covered": 0.0, "percent_statements_covered_display": "0"}, "missing_lines": [28], "excluded_lines": [], "start_line": 26}, "CookieApiClient._headers": {"executed_lines": [], "summary": {"covered_lines": 0, "num_statements": 4, "percent_covered": 0.0, "percent_covered_display": "0", "missing_lines": 4, "excluded_lines": 0, "percent_statements_covered": 0.0, "percent_statements_covered_display": "0"}, "missing_lines": [32, 36, 37, 38], "excluded_lines": [], "start_line": 30}, "CookieApiClient.test_cookie": {"executed_lines": [], "summary": {"covered_lines": 0, "num_statements": 22, "percent_covered": 0.0, "percent_covered_display": "0", "missing_lines": 22, "excluded_lines": 0, "percent_statements_covered": 0.0, "percent_statements_covered_display": "0"}, "missing_lines": [59, 60, 62, 63, 65, 66, 73, 74, 76, 77, 79, 80, 82, 83, 89, 90, 91, 92, 93, 94, 95, 96], "excluded_lines": [], "start_line": 42}, "CookieApiClient.save_cookie": {"executed_lines": [], "summary": {"covered_lines": 0, "num_statements": 22, "percent_covered": 0.0, "percent_covered_display": "0", "missing_lines": 22, "excluded_lines": 0, "percent_statements_covered": 0.0, "percent_statements_covered_display": "0"}, "missing_lines": [115, 116, 117, 118, 120, 121, 128, 129, 131, 132, 134, 135, 137, 138, 144, 145, 146, 147, 148, 149, 150, 151], "excluded_lines": [], "start_line": 100}, "CookieApiClient.get_api_keys": {"executed_lines": [], "summary": {"covered_lines": 0, "num_statements": 20, "percent_covered": 0.0, "percent_covered_display": "0", "missing_lines": 20, "excluded_lines": 0, "percent_statements_covered": 0.0, "percent_statements_covered_display": "0"}, "missing_lines": [171, 180, 182, 183, 189, 191, 192, 194, 195, 197, 198, 200, 207, 208, 209, 210, 211, 212, 213, 214], "excluded_lines": [], "start_line": 155}, "CookieApiClient.delete_api_key": {"executed_lines": [], "summary": {"covered_lines": 0, "num_statements": 18, "percent_covered": 0.0, "percent_covered_display": "0", "missing_lines": 18, "excluded_lines": 0, "percent_statements_covered": 0.0, "percent_statements_covered_display": "0"}, "missing_lines": [225, 227, 228, 234, 236, 237, 239, 240, 242, 243, 245, 246, 247, 248, 249, 250, 251, 252], "excluded_lines": [], "start_line": 218}, "CookieApiClient.refresh_api_key": {"executed_lines": [], "summary": {"covered_lines": 0, "num_statements": 17, "percent_covered": 0.0, "percent_covered_display": "0", "missing_lines": 17, "excluded_lines": 0, "percent_statements_covered": 0.0, "percent_statements_covered_display": "0"}, "missing_lines": [262, 264, 265, 272, 274, 275, 277, 278, 280, 282, 283, 284, 285, 286, 287, 288, 289], "excluded_lines": [], "start_line": 255}, "CookieApiClient.assign_api_key_to_flow": {"executed_lines": [], "summary": {"covered_lines": 0, "num_statements": 19, "percent_covered": 0.0, "percent_covered_display": "0", "missing_lines": 19, "excluded_lines": 0, "percent_statements_covered": 0.0, "percent_statements_covered_display": "0"}, "missing_lines": [304, 305, 307, 308, 315, 316, 318, 319, 321, 322, 324, 326, 327, 328, 329, 330, 331, 332, 333], "excluded_lines": [], "start_line": 293}, "CookieApiClient._handle_http_error": {"executed_lines": [], "summary": {"covered_lines": 0, "num_statements": 10, "percent_covered": 0.0, "percent_covered_display": "0", "missing_lines": 10, "excluded_lines": 0, "percent_statements_covered": 0.0, "percent_statements_covered_display": "0"}, "missing_lines": [339, 340, 341, 342, 343, 344, 345, 346, 347, 348], "excluded_lines": [], "start_line": 337}, "": {"executed_lines": [], "summary": {"covered_lines": 0, "num_statements": 19, "percent_covered": 0.0, "percent_covered_display": "0", "missing_lines": 19, "excluded_lines": 0, "percent_statements_covered": 0.0, "percent_statements_covered_display": "0"}, "missing_lines": [9, 10, 11, 12, 13, 14, 15, 17, 20, 23, 26, 30, 42, 100, 155, 218, 255, 293, 337], "excluded_lines": [], "start_line": 1}}, "classes": {"CookieApiClient": {"executed_lines": [], "summary": {"covered_lines": 0, "num_statements": 134, "percent_covered": 0.0, "percent_covered_display": "0", "missing_lines": 134, "excluded_lines": 0, "percent_statements_covered": 0.0, "percent_statements_covered_display": "0"}, "missing_lines": [24, 28, 32, 36, 37, 38, 59, 60, 62, 63, 65, 66, 73, 74, 76, 77, 79, 80, 82, 83, 89, 90, 91, 92, 93, 94, 95, 96, 115, 116, 117, 118, 120, 121, 128, 129, 131, 132, 134, 135, 137, 138, 144, 145, 146, 147, 148, 149, 150, 151, 171, 180, 182, 183, 189, 191, 192, 194, 195, 197, 198, 200, 207, 208, 209, 210, 211, 212, 213, 214, 225, 227, 228, 234, 236, 237, 239, 240, 242, 243, 245, 246, 247, 248, 249, 250, 251, 252, 262, 264, 265, 272, 274, 275, 277, 278, 280, 282, 283, 284, 285, 286, 287, 288, 289, 304, 305, 307, 308, 315, 316, 318, 319, 321, 322, 324, 326, 327, 328, 329, 330, 331, 332, 333, 339, 340, 341, 342, 343, 344, 345, 346, 347, 348], "excluded_lines": [], "start_line": 20}, "": {"executed_lines": [], "summary": {"covered_lines": 0, "num_statements": 19, "percent_covered": 0.0, "percent_covered_display": "0", "missing_lines": 19, "excluded_lines": 0, "percent_statements_covered": 0.0, "percent_statements_covered_display": "0"}, "missing_lines": [9, 10, 11, 12, 13, 14, 15, 17, 20, 23, 26, 30, 42, 100, 155, 218, 255, 293, 337], "excluded_lines": [], "start_line": 1}}}, "app/api/flow_api.py": {"executed_lines": [], "summary": {"covered_lines": 0, "num_statements": 91, "percent_covered": 0.0, "percent_covered_display": "0", "missing_lines": 91, "excluded_lines": 0, "percent_statements_covered": 0.0, "percent_statements_covered_display": "0"}, "missing_lines": [7, 8, 9, 10, 11, 12, 13, 15, 18, 21, 22, 24, 26, 28, 30, 34, 35, 36, 40, 52, 53, 55, 56, 58, 59, 66, 67, 69, 70, 72, 73, 75, 77, 78, 79, 80, 81, 82, 83, 84, 88, 101, 107, 109, 110, 116, 118, 119, 121, 122, 124, 125, 127, 134, 135, 136, 137, 138, 139, 140, 141, 145, 152, 154, 155, 161, 163, 164, 166, 167, 169, 170, 172, 173, 174, 175, 176, 177, 178, 179, 183, 185, 186, 187, 188, 189, 190, 191, 192, 193, 194], "excluded_lines": [], "functions": {"FlowApiClient.__init__": {"executed_lines": [], "summary": {"covered_lines": 0, "num_statements": 1, "percent_covered": 0.0, "percent_covered_display": "0", "missing_lines": 1, "excluded_lines": 0, "percent_statements_covered": 0.0, "percent_statements_covered_display": "0"}, "missing_lines": [22], "excluded_lines": [], "start_line": 21}, "FlowApiClient.set_access_token": {"executed_lines": [], "summary": {"covered_lines": 0, "num_statements": 1, "percent_covered": 0.0, "percent_covered_display": "0", "missing_lines": 1, "excluded_lines": 0, "percent_statements_covered": 0.0, "percent_statements_covered_display": "0"}, "missing_lines": [26], "excluded_lines": [], "start_line": 24}, "FlowApiClient._headers": {"executed_lines": [], "summary": {"covered_lines": 0, "num_statements": 4, "percent_covered": 0.0, "percent_covered_display": "0", "missing_lines": 4, "excluded_lines": 0, "percent_statements_covered": 0.0, "percent_statements_covered_display": "0"}, "missing_lines": [30, 34, 35, 36], "excluded_lines": [], "start_line": 28}, "FlowApiClient.create_flow": {"executed_lines": [], "summary": {"covered_lines": 0, "num_statements": 21, "percent_covered": 0.0, "percent_covered_display": "0", "missing_lines": 21, "excluded_lines": 0, "percent_statements_covered": 0.0, "percent_statements_covered_display": "0"}, "missing_lines": [52, 53, 55, 56, 58, 59, 66, 67, 69, 70, 72, 73, 75, 77, 78, 79, 80, 81, 82, 83, 84], "excluded_lines": [], "start_line": 40}, "FlowApiClient.get_flows": {"executed_lines": [], "summary": {"covered_lines": 0, "num_statements": 20, "percent_covered": 0.0, "percent_covered_display": "0", "missing_lines": 20, "excluded_lines": 0, "percent_statements_covered": 0.0, "percent_statements_covered_display": "0"}, "missing_lines": [101, 107, 109, 110, 116, 118, 119, 121, 122, 124, 125, 127, 134, 135, 136, 137, 138, 139, 140, 141], "excluded_lines": [], "start_line": 88}, "FlowApiClient.delete_flow": {"executed_lines": [], "summary": {"covered_lines": 0, "num_statements": 18, "percent_covered": 0.0, "percent_covered_display": "0", "missing_lines": 18, "excluded_lines": 0, "percent_statements_covered": 0.0, "percent_statements_covered_display": "0"}, "missing_lines": [152, 154, 155, 161, 163, 164, 166, 167, 169, 170, 172, 173, 174, 175, 176, 177, 178, 179], "excluded_lines": [], "start_line": 145}, "FlowApiClient._handle_http_error": {"executed_lines": [], "summary": {"covered_lines": 0, "num_statements": 10, "percent_covered": 0.0, "percent_covered_display": "0", "missing_lines": 10, "excluded_lines": 0, "percent_statements_covered": 0.0, "percent_statements_covered_display": "0"}, "missing_lines": [185, 186, 187, 188, 189, 190, 191, 192, 193, 194], "excluded_lines": [], "start_line": 183}, "": {"executed_lines": [], "summary": {"covered_lines": 0, "num_statements": 16, "percent_covered": 0.0, "percent_covered_display": "0", "missing_lines": 16, "excluded_lines": 0, "percent_statements_covered": 0.0, "percent_statements_covered_display": "0"}, "missing_lines": [7, 8, 9, 10, 11, 12, 13, 15, 18, 21, 24, 28, 40, 88, 145, 183], "excluded_lines": [], "start_line": 1}}, "classes": {"FlowApiClient": {"executed_lines": [], "summary": {"covered_lines": 0, "num_statements": 75, "percent_covered": 0.0, "percent_covered_display": "0", "missing_lines": 75, "excluded_lines": 0, "percent_statements_covered": 0.0, "percent_statements_covered_display": "0"}, "missing_lines": [22, 26, 30, 34, 35, 36, 52, 53, 55, 56, 58, 59, 66, 67, 69, 70, 72, 73, 75, 77, 78, 79, 80, 81, 82, 83, 84, 101, 107, 109, 110, 116, 118, 119, 121, 122, 124, 125, 127, 134, 135, 136, 137, 138, 139, 140, 141, 152, 154, 155, 161, 163, 164, 166, 167, 169, 170, 172, 173, 174, 175, 176, 177, 178, 179, 185, 186, 187, 188, 189, 190, 191, 192, 193, 194], "excluded_lines": [], "start_line": 18}, "": {"executed_lines": [], "summary": {"covered_lines": 0, "num_statements": 16, "percent_covered": 0.0, "percent_covered_display": "0", "missing_lines": 16, "excluded_lines": 0, "percent_statements_covered": 0.0, "percent_statements_covered_display": "0"}, "missing_lines": [7, 8, 9, 10, 11, 12, 13, 15, 18, 21, 24, 28, 40, 88, 145, 183], "excluded_lines": [], "start_line": 1}}}, "app/api/mock_api.py": {"executed_lines": [7, 8, 9, 10, 11, 12, 13, 14, 16, 18, 19, 22, 25, 38, 39, 40, 42, 44, 45, 46, 47, 48, 49, 50, 51, 52, 53, 54, 56, 58, 60, 61, 62, 92, 94, 95, 100, 101, 102, 110, 112, 114, 115, 117, 118, 119, 121, 151, 179, 181, 182, 183, 185, 186, 188, 190, 191, 193, 195, 196, 207, 209, 210, 211, 216, 220, 222, 228, 230, 231, 232, 233, 235, 237, 238, 257, 258, 259, 265, 267, 268, 269, 274, 275, 276, 277, 279, 281, 283, 284, 285, 287, 288, 289, 290, 295, 297, 298, 299, 300, 304, 306, 307, 308, 309, 310, 311, 312, 313, 314, 316, 318, 319, 320, 321, 322, 323, 324, 325, 326, 328, 330, 331, 333, 335, 336, 337, 338, 339, 340, 341, 342, 343, 345, 347, 348, 349, 350, 351, 352, 353, 354, 358, 360, 366, 368, 377, 378, 384, 386, 387, 388, 389, 390, 392, 394, 395, 396, 397, 398, 400, 401, 408, 410, 411, 412, 414, 417, 418, 419, 423, 425, 431, 433, 441, 442, 448, 450, 451, 452, 453, 454, 455, 456, 458, 460, 462, 463, 464, 465, 467, 468, 470, 472, 473, 474, 475, 477, 479, 481, 482, 483, 488, 491, 492, 494, 500, 502, 503, 504, 505, 506, 507, 508, 509, 511, 520, 521, 527, 529, 530, 531, 532, 533, 534, 535, 536, 537, 538, 539, 540, 541, 542, 544, 545, 547, 549, 551, 552, 553, 554, 555, 559, 561, 562, 564, 565, 567, 580, 581, 587, 593, 596, 597, 598, 599, 600, 601, 605, 606, 607, 609, 621, 623, 624, 625, 626, 627, 631, 633, 634, 652, 654, 655, 657, 672, 674, 693, 700, 704, 707, 708, 710, 721, 723, 724, 725, 726, 727], "summary": {"covered_lines": 289, "num_statements": 320, "percent_covered": 90.3125, "percent_covered_display": "90", "missing_lines": 31, "excluded_lines": 0, "percent_statements_covered": 90.3125, "percent_statements_covered_display": "90"}, "missing_lines": [153, 154, 155, 157, 158, 159, 174, 175, 187, 189, 197, 198, 199, 200, 201, 202, 203, 204, 205, 212, 213, 214, 215, 413, 415, 466, 484, 493, 602, 603, 705], "excluded_lines": [], "functions": {"MockApi.__init__": {"executed_lines": [44, 45, 46, 47, 48, 49, 50, 51, 52, 53, 54, 56], "summary": {"covered_lines": 12, "num_statements": 12, "percent_covered": 100.0, "percent_covered_display": "100", "missing_lines": 0, "excluded_lines": 0, "percent_statements_covered": 100.0, "percent_statements_covered_display": "100"}, "missing_lines": [], "excluded_lines": [], "start_line": 42}, "MockApi._generate_sample_tokens": {"executed_lines": [60, 61, 62], "summary": {"covered_lines": 3, "num_statements": 3, "percent_covered": 100.0, "percent_covered_display": "100", "missing_lines": 0, "excluded_lines": 0, "percent_statements_covered": 100.0, "percent_statements_covered_display": "100"}, "missing_lines": [], "excluded_lines": [], "start_line": 58}, "MockApi._generate_sample_projects": {"executed_lines": [94, 95, 100, 101, 102, 110], "summary": {"covered_lines": 6, "num_statements": 6, "percent_covered": 100.0, "percent_covered_display": "100", "missing_lines": 0, "excluded_lines": 0, "percent_statements_covered": 100.0, "percent_statements_covered_display": "100"}, "missing_lines": [], "excluded_lines": [], "start_line": 92}, "MockApi._generate_sample_cookies": {"executed_lines": [114, 115, 117, 121], "summary": {"covered_lines": 4, "num_statements": 4, "percent_covered": 100.0, "percent_covered_display": "100", "missing_lines": 0, "excluded_lines": 0, "percent_statements_covered": 100.0, "percent_statements_covered_display": "100"}, "missing_lines": [], "excluded_lines": [], "start_line": 112}, "MockApi._generate_sample_cookies._rand_name": {"executed_lines": [118, 119], "summary": {"covered_lines": 2, "num_statements": 2, "percent_covered": 100.0, "percent_covered_display": "100", "missing_lines": 0, "excluded_lines": 0, "percent_statements_covered": 100.0, "percent_statements_covered_display": "100"}, "missing_lines": [], "excluded_lines": [], "start_line": 117}, "MockApi._generate_sample_queue": {"executed_lines": [], "summary": {"covered_lines": 0, "num_statements": 8, "percent_covered": 0.0, "percent_covered_display": "0", "missing_lines": 8, "excluded_lines": 0, "percent_statements_covered": 0.0, "percent_statements_covered_display": "0"}, "missing_lines": [153, 154, 155, 157, 158, 159, 174, 175], "excluded_lines": [], "start_line": 151}, "MockApi._save_checkpoint": {"executed_lines": [181, 182, 183, 185, 186, 188, 190, 191], "summary": {"covered_lines": 8, "num_statements": 10, "percent_covered": 80.0, "percent_covered_display": "80", "missing_lines": 2, "excluded_lines": 0, "percent_statements_covered": 80.0, "percent_statements_covered_display": "80"}, "missing_lines": [187, 189], "excluded_lines": [], "start_line": 179}, "MockApi._load_checkpoint": {"executed_lines": [195, 196], "summary": {"covered_lines": 2, "num_statements": 11, "percent_covered": 18.181818181818183, "percent_covered_display": "18", "missing_lines": 9, "excluded_lines": 0, "percent_statements_covered": 18.181818181818183, "percent_statements_covered_display": "18"}, "missing_lines": [197, 198, 199, 200, 201, 202, 203, 204, 205], "excluded_lines": [], "start_line": 193}, "MockApi.clear_checkpoint": {"executed_lines": [209, 210, 211, 216], "summary": {"covered_lines": 4, "num_statements": 8, "percent_covered": 50.0, "percent_covered_display": "50", "missing_lines": 4, "excluded_lines": 0, "percent_statements_covered": 50.0, "percent_statements_covered_display": "50"}, "missing_lines": [212, 213, 214, 215], "excluded_lines": [], "start_line": 207}, "MockApi.get_queue": {"executed_lines": [222], "summary": {"covered_lines": 1, "num_statements": 1, "percent_covered": 100.0, "percent_covered_display": "100", "missing_lines": 0, "excluded_lines": 0, "percent_statements_covered": 100.0, "percent_statements_covered_display": "100"}, "missing_lines": [], "excluded_lines": [], "start_line": 220}, "MockApi.get_task": {"executed_lines": [230, 231, 232, 233], "summary": {"covered_lines": 4, "num_statements": 4, "percent_covered": 100.0, "percent_covered_display": "100", "missing_lines": 0, "excluded_lines": 0, "percent_statements_covered": 100.0, "percent_statements_covered_display": "100"}, "missing_lines": [], "excluded_lines": [], "start_line": 228}, "MockApi.add_to_queue": {"executed_lines": [237, 238, 257, 258, 259], "summary": {"covered_lines": 5, "num_statements": 5, "percent_covered": 100.0, "percent_covered_display": "100", "missing_lines": 0, "excluded_lines": 0, "percent_statements_covered": 100.0, "percent_statements_covered_display": "100"}, "missing_lines": [], "excluded_lines": [], "start_line": 235}, "MockApi.update_task": {"executed_lines": [267, 268, 269, 274, 275, 276, 277, 279], "summary": {"covered_lines": 8, "num_statements": 8, "percent_covered": 100.0, "percent_covered_display": "100", "missing_lines": 0, "excluded_lines": 0, "percent_statements_covered": 100.0, "percent_statements_covered_display": "100"}, "missing_lines": [], "excluded_lines": [], "start_line": 265}, "MockApi.delete_tasks": {"executed_lines": [283, 284, 285, 287, 288, 289, 290], "summary": {"covered_lines": 7, "num_statements": 7, "percent_covered": 100.0, "percent_covered_display": "100", "missing_lines": 0, "excluded_lines": 0, "percent_statements_covered": 100.0, "percent_statements_covered_display": "100"}, "missing_lines": [], "excluded_lines": [], "start_line": 281}, "MockApi.clear_queue": {"executed_lines": [297, 298, 299, 300], "summary": {"covered_lines": 4, "num_statements": 4, "percent_covered": 100.0, "percent_covered_display": "100", "missing_lines": 0, "excluded_lines": 0, "percent_statements_covered": 100.0, "percent_statements_covered_display": "100"}, "missing_lines": [], "excluded_lines": [], "start_line": 295}, "MockApi.run_selected": {"executed_lines": [306, 307, 308, 309, 310, 311, 312, 313, 314], "summary": {"covered_lines": 9, "num_statements": 9, "percent_covered": 100.0, "percent_covered_display": "100", "missing_lines": 0, "excluded_lines": 0, "percent_statements_covered": 100.0, "percent_statements_covered_display": "100"}, "missing_lines": [], "excluded_lines": [], "start_line": 304}, "MockApi.run_all": {"executed_lines": [318, 319, 320, 321, 322, 323, 324, 325, 326], "summary": {"covered_lines": 9, "num_statements": 9, "percent_covered": 100.0, "percent_covered_display": "100", "missing_lines": 0, "excluded_lines": 0, "percent_statements_covered": 100.0, "percent_statements_covered_display": "100"}, "missing_lines": [], "excluded_lines": [], "start_line": 316}, "MockApi.pause": {"executed_lines": [330, 331], "summary": {"covered_lines": 2, "num_statements": 2, "percent_covered": 100.0, "percent_covered_display": "100", "missing_lines": 0, "excluded_lines": 0, "percent_statements_covered": 100.0, "percent_statements_covered_display": "100"}, "missing_lines": [], "excluded_lines": [], "start_line": 328}, "MockApi.stop": {"executed_lines": [335, 336, 337, 338, 339, 340, 341, 342, 343], "summary": {"covered_lines": 9, "num_statements": 9, "percent_covered": 100.0, "percent_covered_display": "100", "missing_lines": 0, "excluded_lines": 0, "percent_statements_covered": 100.0, "percent_statements_covered_display": "100"}, "missing_lines": [], "excluded_lines": [], "start_line": 333}, "MockApi.retry_errors": {"executed_lines": [347, 348, 349, 350, 351, 352, 353, 354], "summary": {"covered_lines": 8, "num_statements": 8, "percent_covered": 100.0, "percent_covered_display": "100", "missing_lines": 0, "excluded_lines": 0, "percent_statements_covered": 100.0, "percent_statements_covered_display": "100"}, "missing_lines": [], "excluded_lines": [], "start_line": 345}, "MockApi.get_cookies": {"executed_lines": [360], "summary": {"covered_lines": 1, "num_statements": 1, "percent_covered": 100.0, "percent_covered_display": "100", "missing_lines": 0, "excluded_lines": 0, "percent_statements_covered": 100.0, "percent_statements_covered_display": "100"}, "missing_lines": [], "excluded_lines": [], "start_line": 358}, "MockApi.add_cookie": {"executed_lines": [368, 377, 378], "summary": {"covered_lines": 3, "num_statements": 3, "percent_covered": 100.0, "percent_covered_display": "100", "missing_lines": 0, "excluded_lines": 0, "percent_statements_covered": 100.0, "percent_statements_covered_display": "100"}, "missing_lines": [], "excluded_lines": [], "start_line": 366}, "MockApi.delete_cookie": {"executed_lines": [386, 387, 388, 389, 390], "summary": {"covered_lines": 5, "num_statements": 5, "percent_covered": 100.0, "percent_covered_display": "100", "missing_lines": 0, "excluded_lines": 0, "percent_statements_covered": 100.0, "percent_statements_covered_display": "100"}, "missing_lines": [], "excluded_lines": [], "start_line": 384}, "MockApi.refresh_cookies": {"executed_lines": [394, 395, 396, 397, 398, 400, 401], "summary": {"covered_lines": 7, "num_statements": 7, "percent_covered": 100.0, "percent_covered_display": "100", "missing_lines": 0, "excluded_lines": 0, "percent_statements_covered": 100.0, "percent_statements_covered_display": "100"}, "missing_lines": [], "excluded_lines": [], "start_line": 392}, "MockApi.check_cookie": {"executed_lines": [410, 411, 412, 414, 417, 418, 419], "summary": {"covered_lines": 7, "num_statements": 9, "percent_covered": 77.77777777777777, "percent_covered_display": "78", "missing_lines": 2, "excluded_lines": 0, "percent_statements_covered": 77.77777777777777, "percent_statements_covered_display": "78"}, "missing_lines": [413, 415], "excluded_lines": [], "start_line": 408}, "MockApi.get_projects": {"executed_lines": [425], "summary": {"covered_lines": 1, "num_statements": 1, "percent_covered": 100.0, "percent_covered_display": "100", "missing_lines": 0, "excluded_lines": 0, "percent_statements_covered": 100.0, "percent_statements_covered_display": "100"}, "missing_lines": [], "excluded_lines": [], "start_line": 423}, "MockApi.add_project": {"executed_lines": [433, 441, 442], "summary": {"covered_lines": 3, "num_statements": 3, "percent_covered": 100.0, "percent_covered_display": "100", "missing_lines": 0, "excluded_lines": 0, "percent_statements_covered": 100.0, "percent_statements_covered_display": "100"}, "missing_lines": [], "excluded_lines": [], "start_line": 431}, "MockApi.update_project": {"executed_lines": [450, 451, 452, 453, 454, 455, 456, 458], "summary": {"covered_lines": 8, "num_statements": 8, "percent_covered": 100.0, "percent_covered_display": "100", "missing_lines": 0, "excluded_lines": 0, "percent_statements_covered": 100.0, "percent_statements_covered_display": "100"}, "missing_lines": [], "excluded_lines": [], "start_line": 448}, "MockApi.delete_project": {"executed_lines": [462, 463, 464, 465, 467, 468], "summary": {"covered_lines": 6, "num_statements": 7, "percent_covered": 85.71428571428571, "percent_covered_display": "86", "missing_lines": 1, "excluded_lines": 0, "percent_statements_covered": 85.71428571428571, "percent_statements_covered_display": "86"}, "missing_lines": [466], "excluded_lines": [], "start_line": 460}, "MockApi.set_active_project": {"executed_lines": [472, 473, 474, 475, 477], "summary": {"covered_lines": 5, "num_statements": 5, "percent_covered": 100.0, "percent_covered_display": "100", "missing_lines": 0, "excluded_lines": 0, "percent_statements_covered": 100.0, "percent_statements_covered_display": "100"}, "missing_lines": [], "excluded_lines": [], "start_line": 470}, "MockApi.get_active_project": {"executed_lines": [481, 482, 483], "summary": {"covered_lines": 3, "num_statements": 4, "percent_covered": 75.0, "percent_covered_display": "75", "missing_lines": 1, "excluded_lines": 0, "percent_statements_covered": 75.0, "percent_statements_covered_display": "75"}, "missing_lines": [484], "excluded_lines": [], "start_line": 479}, "MockApi.get_tokens": {"executed_lines": [491, 492, 494], "summary": {"covered_lines": 3, "num_statements": 4, "percent_covered": 75.0, "percent_covered_display": "75", "missing_lines": 1, "excluded_lines": 0, "percent_statements_covered": 75.0, "percent_statements_covered_display": "75"}, "missing_lines": [493], "excluded_lines": [], "start_line": 488}, "MockApi.add_token": {"executed_lines": [502, 503, 504, 505, 506, 507, 508, 509, 511, 520, 521], "summary": {"covered_lines": 11, "num_statements": 11, "percent_covered": 100.0, "percent_covered_display": "100", "missing_lines": 0, "excluded_lines": 0, "percent_statements_covered": 100.0, "percent_statements_covered_display": "100"}, "missing_lines": [], "excluded_lines": [], "start_line": 500}, "MockApi.update_token": {"executed_lines": [529, 530, 531, 532, 533, 534, 535, 536, 537, 538, 539, 540, 541, 542, 544, 545, 547], "summary": {"covered_lines": 17, "num_statements": 17, "percent_covered": 100.0, "percent_covered_display": "100", "missing_lines": 0, "excluded_lines": 0, "percent_statements_covered": 100.0, "percent_statements_covered_display": "100"}, "missing_lines": [], "excluded_lines": [], "start_line": 527}, "MockApi.delete_token": {"executed_lines": [551, 552, 553, 554, 555], "summary": {"covered_lines": 5, "num_statements": 5, "percent_covered": 100.0, "percent_covered_display": "100", "missing_lines": 0, "excluded_lines": 0, "percent_statements_covered": 100.0, "percent_statements_covered_display": "100"}, "missing_lines": [], "excluded_lines": [], "start_line": 549}, "MockApi.create_flow": {"executed_lines": [561, 562, 564, 565, 567, 580, 581], "summary": {"covered_lines": 7, "num_statements": 7, "percent_covered": 100.0, "percent_covered_display": "100", "missing_lines": 0, "excluded_lines": 0, "percent_statements_covered": 100.0, "percent_statements_covered_display": "100"}, "missing_lines": [], "excluded_lines": [], "start_line": 559}, "MockApi.get_flows": {"executed_lines": [593, 596, 597, 598, 599, 600, 601, 605, 606, 607, 609], "summary": {"covered_lines": 11, "num_statements": 13, "percent_covered": 84.61538461538461, "percent_covered_display": "85", "missing_lines": 2, "excluded_lines": 0, "percent_statements_covered": 84.61538461538461, "percent_statements_covered_display": "85"}, "missing_lines": [602, 603], "excluded_lines": [], "start_line": 587}, "MockApi.delete_flow": {"executed_lines": [623, 624, 625, 626, 627], "summary": {"covered_lines": 5, "num_statements": 5, "percent_covered": 100.0, "percent_covered_display": "100", "missing_lines": 0, "excluded_lines": 0, "percent_statements_covered": 100.0, "percent_statements_covered_display": "100"}, "missing_lines": [], "excluded_lines": [], "start_line": 621}, "MockApi.test_server_cookie": {"executed_lines": [633, 634], "summary": {"covered_lines": 2, "num_statements": 2, "percent_covered": 100.0, "percent_covered_display": "100", "missing_lines": 0, "excluded_lines": 0, "percent_statements_covered": 100.0, "percent_statements_covered_display": "100"}, "missing_lines": [], "excluded_lines": [], "start_line": 631}, "MockApi.save_server_cookie": {"executed_lines": [654, 655, 657, 672, 674], "summary": {"covered_lines": 5, "num_statements": 5, "percent_covered": 100.0, "percent_covered_display": "100", "missing_lines": 0, "excluded_lines": 0, "percent_statements_covered": 100.0, "percent_statements_covered_display": "100"}, "missing_lines": [], "excluded_lines": [], "start_line": 652}, "MockApi.get_api_keys": {"executed_lines": [700, 704, 707, 708, 710], "summary": {"covered_lines": 5, "num_statements": 6, "percent_covered": 83.33333333333333, "percent_covered_display": "83", "missing_lines": 1, "excluded_lines": 0, "percent_statements_covered": 83.33333333333333, "percent_statements_covered_display": "83"}, "missing_lines": [705], "excluded_lines": [], "start_line": 693}, "MockApi.delete_api_key": {"executed_lines": [723, 724, 725, 726, 727], "summary": {"covered_lines": 5, "num_statements": 5, "percent_covered": 100.0, "percent_covered_display": "100", "missing_lines": 0, "excluded_lines": 0, "percent_statements_covered": 100.0, "percent_statements_covered_display": "100"}, "missing_lines": [], "excluded_lines": [], "start_line": 721}, "": {"executed_lines": [7, 8, 9, 10, 11, 12, 13, 14, 16, 18, 19, 22, 25, 38, 39, 40, 42, 58, 92, 112, 151, 179, 193, 207, 220, 228, 235, 265, 281, 295, 304, 316, 328, 333, 345, 358, 366, 384, 392, 408, 423, 431, 448, 460, 470, 479, 488, 500, 527, 549, 559, 587, 621, 631, 652, 693, 721], "summary": {"covered_lines": 57, "num_statements": 57, "percent_covered": 100.0, "percent_covered_display": "100", "missing_lines": 0, "excluded_lines": 0, "percent_statements_covered": 100.0, "percent_statements_covered_display": "100"}, "missing_lines": [], "excluded_lines": [], "start_line": 1}}, "classes": {"MockApi": {"executed_lines": [44, 45, 46, 47, 48, 49, 50, 51, 52, 53, 54, 56, 60, 61, 62, 94, 95, 100, 101, 102, 110, 114, 115, 117, 118, 119, 121, 181, 182, 183, 185, 186, 188, 190, 191, 195, 196, 209, 210, 211, 216, 222, 230, 231, 232, 233, 237, 238, 257, 258, 259, 267, 268, 269, 274, 275, 276, 277, 279, 283, 284, 285, 287, 288, 289, 290, 297, 298, 299, 300, 306, 307, 308, 309, 310, 311, 312, 313, 314, 318, 319, 320, 321, 322, 323, 324, 325, 326, 330, 331, 335, 336, 337, 338, 339, 340, 341, 342, 343, 347, 348, 349, 350, 351, 352, 353, 354, 360, 368, 377, 378, 386, 387, 388, 389, 390, 394, 395, 396, 397, 398, 400, 401, 410, 411, 412, 414, 417, 418, 419, 425, 433, 441, 442, 450, 451, 452, 453, 454, 455, 456, 458, 462, 463, 464, 465, 467, 468, 472, 473, 474, 475, 477, 481, 482, 483, 491, 492, 494, 502, 503, 504, 505, 506, 507, 508, 509, 511, 520, 521, 529, 530, 531, 532, 533, 534, 535, 536, 537, 538, 539, 540, 541, 542, 544, 545, 547, 551, 552, 553, 554, 555, 561, 562, 564, 565, 567, 580, 581, 593, 596, 597, 598, 599, 600, 601, 605, 606, 607, 609, 623, 624, 625, 626, 627, 633, 634, 654, 655, 657, 672, 674, 700, 704, 707, 708, 710, 723, 724, 725, 726, 727], "summary": {"covered_lines": 232, "num_statements": 263, "percent_covered": 88.212927756654, "percent_covered_display": "88", "missing_lines": 31, "excluded_lines": 0, "percent_statements_covered": 88.212927756654, "percent_statements_covered_display": "88"}, "missing_lines": [153, 154, 155, 157, 158, 159, 174, 175, 187, 189, 197, 198, 199, 200, 201, 202, 203, 204, 205, 212, 213, 214, 215, 413, 415, 466, 484, 493, 602, 603, 705], "excluded_lines": [], "start_line": 22}, "": {"executed_lines": [7, 8, 9, 10, 11, 12, 13, 14, 16, 18, 19, 22, 25, 38, 39, 40, 42, 58, 92, 112, 151, 179, 193, 207, 220, 228, 235, 265, 281, 295, 304, 316, 328, 333, 345, 358, 366, 384, 392, 408, 423, 431, 448, 460, 470, 479, 488, 500, 527, 549, 559, 587, 621, 631, 652, 693, 721], "summary": {"covered_lines": 57, "num_statements": 57, "percent_covered": 100.0, "percent_covered_display": "100", "missing_lines": 0, "excluded_lines": 0, "percent_statements_covered": 100.0, "percent_statements_covered_display": "100"}, "missing_lines": [], "excluded_lines": [], "start_line": 1}}}, "app/api/models.py": {"executed_lines": [7, 8, 9, 12, 13, 16, 17, 18, 19, 20, 21, 22, 23, 24, 25, 26, 27, 28, 29, 30, 31, 32, 33, 35, 37, 58, 59, 61, 62, 63, 64, 65, 66, 67, 68, 70, 90, 91, 94, 95, 96, 97, 100, 101, 104, 105, 106, 107, 108, 109, 110, 112, 113, 115, 116, 117, 119, 120, 130, 131, 132, 133, 134, 135, 136, 137, 138, 139, 144, 145, 147, 158, 159, 162, 163, 164, 165, 166, 167, 169, 170, 179, 180, 181, 182, 183, 184, 187, 188, 189, 190, 191, 192, 195, 196, 198, 208, 209, 212, 213, 214, 215, 216, 217, 218, 220, 221, 222, 223, 224, 226, 227, 237, 238, 239, 240, 241, 242, 243, 244, 245, 246, 247, 248, 249, 250, 253, 254, 256, 267, 268, 271, 272, 273, 274, 275, 276, 277, 278, 279, 281, 282, 294, 295, 296, 309, 310, 313, 314, 315, 316, 317, 318, 319, 320, 321, 322, 323, 325, 326, 340, 341, 342, 343, 344, 345, 350, 351, 352, 353, 356, 357, 359, 360, 362, 377, 378, 381, 382, 383, 384, 385, 386, 387, 388, 389, 390, 391, 392, 393, 394, 395, 396, 397, 399, 400, 420, 421, 422, 423, 424, 425, 431], "summary": {"covered_lines": 203, "num_statements": 223, "percent_covered": 91.03139013452915, "percent_covered_display": "91", "missing_lines": 20, "excluded_lines": 0, "percent_statements_covered": 91.03139013452915, "percent_statements_covered_display": "91"}, "missing_lines": [140, 141, 142, 143, 185, 186, 193, 194, 251, 252, 346, 347, 348, 349, 354, 355, 426, 427, 428, 429], "excluded_lines": [], "functions": {"TaskItem.to_dict": {"executed_lines": [37], "summary": {"covered_lines": 1, "num_statements": 1, "percent_covered": 100.0, "percent_covered_display": "100", "missing_lines": 0, "excluded_lines": 0, "percent_statements_covered": 100.0, "percent_statements_covered_display": "100"}, "missing_lines": [], "excluded_lines": [], "start_line": 35}, "TaskItem.from_dict": {"executed_lines": [61, 62, 63, 64, 65, 66, 67, 68, 70], "summary": {"covered_lines": 9, "num_statements": 9, "percent_covered": 100.0, "percent_covered_display": "100", "missing_lines": 0, "excluded_lines": 0, "percent_statements_covered": 100.0, "percent_statements_covered_display": "100"}, "missing_lines": [], "excluded_lines": [], "start_line": 59}, "CookieItem.is_expired": {"executed_lines": [115, 116, 117], "summary": {"covered_lines": 3, "num_statements": 3, "percent_covered": 100.0, "percent_covered_display": "100", "missing_lines": 0, "excluded_lines": 0, "percent_statements_covered": 100.0, "percent_statements_covered_display": "100"}, "missing_lines": [], "excluded_lines": [], "start_line": 113}, "CookieItem.to_dict": {"executed_lines": [120], "summary": {"covered_lines": 1, "num_statements": 1, "percent_covered": 100.0, "percent_covered_display": "100", "missing_lines": 0, "excluded_lines": 0, "percent_statements_covered": 100.0, "percent_statements_covered_display": "100"}, "missing_lines": [], "excluded_lines": [], "start_line": 119}, "CookieItem.from_dict": {"executed_lines": [132, 133, 134, 135, 136, 137, 138, 139, 144, 145, 147], "summary": {"covered_lines": 11, "num_statements": 15, "percent_covered": 73.33333333333333, "percent_covered_display": "73", "missing_lines": 4, "excluded_lines": 0, "percent_statements_covered": 73.33333333333333, "percent_statements_covered_display": "73"}, "missing_lines": [140, 141, 142, 143], "excluded_lines": [], "start_line": 131}, "ProjectItem.to_dict": {"executed_lines": [170], "summary": {"covered_lines": 1, "num_statements": 1, "percent_covered": 100.0, "percent_covered_display": "100", "missing_lines": 0, "excluded_lines": 0, "percent_statements_covered": 100.0, "percent_statements_covered_display": "100"}, "missing_lines": [], "excluded_lines": [], "start_line": 169}, "ProjectItem.from_dict": {"executed_lines": [181, 182, 183, 184, 187, 188, 189, 190, 191, 192, 195, 196, 198], "summary": {"covered_lines": 13, "num_statements": 17, "percent_covered": 76.47058823529412, "percent_covered_display": "76", "missing_lines": 4, "excluded_lines": 0, "percent_statements_covered": 76.47058823529412, "percent_statements_covered_display": "76"}, "missing_lines": [185, 186, 193, 194], "excluded_lines": [], "start_line": 180}, "TokenItem.is_expired": {"executed_lines": [222, 223, 224], "summary": {"covered_lines": 3, "num_statements": 3, "percent_covered": 100.0, "percent_covered_display": "100", "missing_lines": 0, "excluded_lines": 0, "percent_statements_covered": 100.0, "percent_statements_covered_display": "100"}, "missing_lines": [], "excluded_lines": [], "start_line": 221}, "TokenItem.to_dict": {"executed_lines": [227], "summary": {"covered_lines": 1, "num_statements": 1, "percent_covered": 100.0, "percent_covered_display": "100", "missing_lines": 0, "excluded_lines": 0, "percent_statements_covered": 100.0, "percent_statements_covered_display": "100"}, "missing_lines": [], "excluded_lines": [], "start_line": 226}, "TokenItem.from_dict": {"executed_lines": [239, 240, 241, 242, 243, 244, 245, 246, 247, 248, 249, 250, 253, 254, 256], "summary": {"covered_lines": 15, "num_statements": 17, "percent_covered": 88.23529411764706, "percent_covered_display": "88", "missing_lines": 2, "excluded_lines": 0, "percent_statements_covered": 88.23529411764706, "percent_statements_covered_display": "88"}, "missing_lines": [251, 252], "excluded_lines": [], "start_line": 238}, "FlowConfig.to_dict": {"executed_lines": [282], "summary": {"covered_lines": 1, "num_statements": 1, "percent_covered": 100.0, "percent_covered_display": "100", "missing_lines": 0, "excluded_lines": 0, "percent_statements_covered": 100.0, "percent_statements_covered_display": "100"}, "missing_lines": [], "excluded_lines": [], "start_line": 281}, "FlowConfig.from_dict": {"executed_lines": [296], "summary": {"covered_lines": 1, "num_statements": 1, "percent_covered": 100.0, "percent_covered_display": "100", "missing_lines": 0, "excluded_lines": 0, "percent_statements_covered": 100.0, "percent_statements_covered_display": "100"}, "missing_lines": [], "excluded_lines": [], "start_line": 295}, "FlowItem.to_dict": {"executed_lines": [326], "summary": {"covered_lines": 1, "num_statements": 1, "percent_covered": 100.0, "percent_covered_display": "100", "missing_lines": 0, "excluded_lines": 0, "percent_statements_covered": 100.0, "percent_statements_covered_display": "100"}, "missing_lines": [], "excluded_lines": [], "start_line": 325}, "FlowItem.from_dict": {"executed_lines": [342, 343, 344, 345, 350, 351, 352, 353, 356, 357, 359, 360, 362], "summary": {"covered_lines": 13, "num_statements": 19, "percent_covered": 68.42105263157895, "percent_covered_display": "68", "missing_lines": 6, "excluded_lines": 0, "percent_statements_covered": 68.42105263157895, "percent_statements_covered_display": "68"}, "missing_lines": [346, 347, 348, 349, 354, 355], "excluded_lines": [], "start_line": 341}, "ApiKeyItem.to_dict": {"executed_lines": [400], "summary": {"covered_lines": 1, "num_statements": 1, "percent_covered": 100.0, "percent_covered_display": "100", "missing_lines": 0, "excluded_lines": 0, "percent_statements_covered": 100.0, "percent_statements_covered_display": "100"}, "missing_lines": [], "excluded_lines": [], "start_line": 399}, "ApiKeyItem.from_dict": {"executed_lines": [422, 423, 424, 425, 431], "summary": {"covered_lines": 5, "num_statements": 9, "percent_covered": 55.55555555555556, "percent_covered_display": "56", "missing_lines": 4, "excluded_lines": 0, "percent_statements_covered": 55.55555555555556, "percent_statements_covered_display": "56"}, "missing_lines": [426, 427, 428, 429], "excluded_lines": [], "start_line": 421}, "": {"executed_lines": [7, 8, 9, 12, 13, 16, 17, 18, 19, 20, 21, 22, 23, 24, 25, 26, 27, 28, 29, 30, 31, 32, 33, 35, 58, 59, 90, 91, 94, 95, 96, 97, 100, 101, 104, 105, 106, 107, 108, 109, 110, 112, 113, 119, 130, 131, 158, 159, 162, 163, 164, 165, 166, 167, 169, 179, 180, 208, 209, 212, 213, 214, 215, 216, 217, 218, 220, 221, 226, 237, 238, 267, 268, 271, 272, 273, 274, 275, 276, 277, 278, 279, 281, 294, 295, 309, 310, 313, 314, 315, 316, 317, 318, 319, 320, 321, 322, 323, 325, 340, 341, 377, 378, 381, 382, 383, 384, 385, 386, 387, 388, 389, 390, 391, 392, 393, 394, 395, 396, 397, 399, 420, 421], "summary": {"covered_lines": 123, "num_statements": 123, "percent_covered": 100.0, "percent_covered_display": "100", "missing_lines": 0, "excluded_lines": 0, "percent_statements_covered": 100.0, "percent_statements_covered_display": "100"}, "missing_lines": [], "excluded_lines": [], "start_line": 1}}, "classes": {"TaskItem": {"executed_lines": [37, 61, 62, 63, 64, 65, 66, 67, 68, 70], "summary": {"covered_lines": 10, "num_statements": 10, "percent_covered": 100.0, "percent_covered_display": "100", "missing_lines": 0, "excluded_lines": 0, "percent_statements_covered": 100.0, "percent_statements_covered_display": "100"}, "missing_lines": [], "excluded_lines": [], "start_line": 13}, "ApiResponse": {"executed_lines": [], "summary": {"covered_lines": 0, "num_statements": 0, "percent_covered": 100.0, "percent_covered_display": "100", "missing_lines": 0, "excluded_lines": 0, "percent_statements_covered": 100.0, "percent_statements_covered_display": "100"}, "missing_lines": [], "excluded_lines": [], "start_line": 91}, "CookieItem": {"executed_lines": [115, 116, 117, 120, 132, 133, 134, 135, 136, 137, 138, 139, 144, 145, 147], "summary": {"covered_lines": 15, "num_statements": 19, "percent_covered": 78.94736842105263, "percent_covered_display": "79", "missing_lines": 4, "excluded_lines": 0, "percent_statements_covered": 78.94736842105263, "percent_statements_covered_display": "79"}, "missing_lines": [140, 141, 142, 143], "excluded_lines": [], "start_line": 101}, "ProjectItem": {"executed_lines": [170, 181, 182, 183, 184, 187, 188, 189, 190, 191, 192, 195, 196, 198], "summary": {"covered_lines": 14, "num_statements": 18, "percent_covered": 77.77777777777777, "percent_covered_display": "78", "missing_lines": 4, "excluded_lines": 0, "percent_statements_covered": 77.77777777777777, "percent_statements_covered_display": "78"}, "missing_lines": [185, 186, 193, 194], "excluded_lines": [], "start_line": 159}, "TokenItem": {"executed_lines": [222, 223, 224, 227, 239, 240, 241, 242, 243, 244, 245, 246, 247, 248, 249, 250, 253, 254, 256], "summary": {"covered_lines": 19, "num_statements": 21, "percent_covered": 90.47619047619048, "percent_covered_display": "90", "missing_lines": 2, "excluded_lines": 0, "percent_statements_covered": 90.47619047619048, "percent_statements_covered_display": "90"}, "missing_lines": [251, 252], "excluded_lines": [], "start_line": 209}, "FlowConfig": {"executed_lines": [282, 296], "summary": {"covered_lines": 2, "num_statements": 2, "percent_covered": 100.0, "percent_covered_display": "100", "missing_lines": 0, "excluded_lines": 0, "percent_statements_covered": 100.0, "percent_statements_covered_display": "100"}, "missing_lines": [], "excluded_lines": [], "start_line": 268}, "FlowItem": {"executed_lines": [326, 342, 343, 344, 345, 350, 351, 352, 353, 356, 357, 359, 360, 362], "summary": {"covered_lines": 14, "num_statements": 20, "percent_covered": 70.0, "percent_covered_display": "70", "missing_lines": 6, "excluded_lines": 0, "percent_statements_covered": 70.0, "percent_statements_covered_display": "70"}, "missing_lines": [346, 347, 348, 349, 354, 355], "excluded_lines": [], "start_line": 310}, "ApiKeyItem": {"executed_lines": [400, 422, 423, 424, 425, 431], "summary": {"covered_lines": 6, "num_statements": 10, "percent_covered": 60.0, "percent_covered_display": "60", "missing_lines": 4, "excluded_lines": 0, "percent_statements_covered": 60.0, "percent_statements_covered_display": "60"}, "missing_lines": [426, 427, 428, 429], "excluded_lines": [], "start_line": 378}, "": {"executed_lines": [7, 8, 9, 12, 13, 16, 17, 18, 19, 20, 21, 22, 23, 24, 25, 26, 27, 28, 29, 30, 31, 32, 33, 35, 58, 59, 90, 91, 94, 95, 96, 97, 100, 101, 104, 105, 106, 107, 108, 109, 110, 112, 113, 119, 130, 131, 158, 159, 162, 163, 164, 165, 166, 167, 169, 179, 180, 208, 209, 212, 213, 214, 215, 216, 217, 218, 220, 221, 226, 237, 238, 267, 268, 271, 272, 273, 274, 275, 276, 277, 278, 279, 281, 294, 295, 309, 310, 313, 314, 315, 316, 317, 318, 319, 320, 321, 322, 323, 325, 340, 341, 377, 378, 381, 382, 383, 384, 385, 386, 387, 388, 389, 390, 391, 392, 393, 394, 395, 396, 397, 399, 420, 421], "summary": {"covered_lines": 123, "num_statements": 123, "percent_covered": 100.0, "percent_covered_display": "100", "missing_lines": 0, "excluded_lines": 0, "percent_statements_covered": 100.0, "percent_statements_covered_display": "100"}, "missing_lines": [], "excluded_lines": [], "start_line": 1}}}, "app/api/workflow_api.py": {"executed_lines": [], "summary": {"covered_lines": 0, "num_statements": 126, "percent_covered": 0.0, "percent_covered_display": "0", "missing_lines": 126, "excluded_lines": 0, "percent_statements_covered": 0.0, "percent_statements_covered_display": "0"}, "missing_lines": [10, 11, 12, 13, 14, 15, 16, 17, 18, 20, 22, 24, 26, 35, 38, 39, 41, 43, 47, 54, 55, 56, 57, 59, 73, 74, 75, 77, 88, 90, 91, 98, 99, 101, 102, 104, 105, 108, 113, 115, 116, 122, 128, 129, 130, 131, 132, 133, 134, 135, 136, 137, 138, 139, 140, 141, 142, 146, 158, 159, 161, 168, 169, 175, 176, 183, 184, 186, 187, 189, 190, 192, 193, 199, 200, 201, 202, 203, 204, 205, 206, 207, 208, 209, 210, 211, 212, 213, 217, 232, 233, 235, 236, 238, 253, 254, 265, 266, 273, 274, 276, 277, 279, 282, 283, 284, 286, 287, 288, 290, 291, 303, 304, 305, 306, 307, 308, 309, 310, 311, 312, 313, 314, 315, 316, 317], "excluded_lines": [], "functions": {"WorkflowApiClient.__init__": {"executed_lines": [], "summary": {"covered_lines": 0, "num_statements": 1, "percent_covered": 0.0, "percent_covered_display": "0", "missing_lines": 1, "excluded_lines": 0, "percent_statements_covered": 0.0, "percent_statements_covered_display": "0"}, "missing_lines": [39], "excluded_lines": [], "start_line": 38}, "WorkflowApiClient.set_access_token": {"executed_lines": [], "summary": {"covered_lines": 0, "num_statements": 1, "percent_covered": 0.0, "percent_covered_display": "0", "missing_lines": 1, "excluded_lines": 0, "percent_statements_covered": 0.0, "percent_statements_covered_display": "0"}, "missing_lines": [43], "excluded_lines": [], "start_line": 41}, "WorkflowApiClient.create_workflow": {"executed_lines": [], "summary": {"covered_lines": 0, "num_statements": 38, "percent_covered": 0.0, "percent_covered_display": "0", "missing_lines": 38, "excluded_lines": 0, "percent_statements_covered": 0.0, "percent_statements_covered_display": "0"}, "missing_lines": [54, 55, 56, 57, 59, 73, 74, 75, 77, 88, 90, 91, 98, 99, 101, 102, 104, 105, 108, 113, 115, 116, 122, 128, 129, 130, 131, 132, 133, 134, 135, 136, 137, 138, 139, 140, 141, 142], "excluded_lines": [], "start_line": 47}, "WorkflowApiClient.link_workflow": {"executed_lines": [], "summary": {"covered_lines": 0, "num_statements": 30, "percent_covered": 0.0, "percent_covered_display": "0", "missing_lines": 30, "excluded_lines": 0, "percent_statements_covered": 0.0, "percent_statements_covered_display": "0"}, "missing_lines": [158, 159, 161, 168, 169, 175, 176, 183, 184, 186, 187, 189, 190, 192, 193, 199, 200, 201, 202, 203, 204, 205, 206, 207, 208, 209, 210, 211, 212, 213], "excluded_lines": [], "start_line": 146}, "WorkflowApiClient.generate_image": {"executed_lines": [], "summary": {"covered_lines": 0, "num_statements": 37, "percent_covered": 0.0, "percent_covered_display": "0", "missing_lines": 37, "excluded_lines": 0, "percent_statements_covered": 0.0, "percent_statements_covered_display": "0"}, "missing_lines": [232, 233, 235, 236, 238, 253, 254, 265, 266, 273, 274, 276, 277, 279, 282, 283, 284, 286, 287, 288, 290, 291, 303, 304, 305, 306, 307, 308, 309, 310, 311, 312, 313, 314, 315, 316, 317], "excluded_lines": [], "start_line": 217}, "": {"executed_lines": [], "summary": {"covered_lines": 0, "num_statements": 19, "percent_covered": 0.0, "percent_covered_display": "0", "missing_lines": 19, "excluded_lines": 0, "percent_statements_covered": 0.0, "percent_statements_covered_display": "0"}, "missing_lines": [10, 11, 12, 13, 14, 15, 16, 17, 18, 20, 22, 24, 26, 35, 38, 41, 47, 146, 217], "excluded_lines": [], "start_line": 1}}, "classes": {"WorkflowApiClient": {"executed_lines": [], "summary": {"covered_lines": 0, "num_statements": 107, "percent_covered": 0.0, "percent_covered_display": "0", "missing_lines": 107, "excluded_lines": 0, "percent_statements_covered": 0.0, "percent_statements_covered_display": "0"}, "missing_lines": [39, 43, 54, 55, 56, 57, 59, 73, 74, 75, 77, 88, 90, 91, 98, 99, 101, 102, 104, 105, 108, 113, 115, 116, 122, 128, 129, 130, 131, 132, 133, 134, 135, 136, 137, 138, 139, 140, 141, 142, 158, 159, 161, 168, 169, 175, 176, 183, 184, 186, 187, 189, 190, 192, 193, 199, 200, 201, 202, 203, 204, 205, 206, 207, 208, 209, 210, 211, 212, 213, 232, 233, 235, 236, 238, 253, 254, 265, 266, 273, 274, 276, 277, 279, 282, 283, 284, 286, 287, 288, 290, 291, 303, 304, 305, 306, 307, 308, 309, 310, 311, 312, 313, 314, 315, 316, 317], "excluded_lines": [], "start_line": 35}, "": {"executed_lines": [], "summary": {"covered_lines": 0, "num_statements": 19, "percent_covered": 0.0, "percent_covered_display": "0", "missing_lines": 19, "excluded_lines": 0, "percent_statements_covered": 0.0, "percent_statements_covered_display": "0"}, "missing_lines": [10, 11, 12, 13, 14, 15, 16, 17, 18, 20, 22, 24, 26, 35, 38, 41, 47, 146, 217], "excluded_lines": [], "start_line": 1}}}, "app/app.py": {"executed_lines": [], "summary": {"covered_lines": 0, "num_statements": 17, "percent_covered": 0.0, "percent_covered_display": "0", "missing_lines": 17, "excluded_lines": 0, "percent_statements_covered": 0.0, "percent_statements_covered_display": "0"}, "missing_lines": [6, 7, 8, 11, 20, 21, 22, 23, 24, 25, 28, 29, 30, 31, 33, 34, 36], "excluded_lines": [], "functions": {"create_app": {"executed_lines": [], "summary": {"covered_lines": 0, "num_statements": 13, "percent_covered": 0.0, "percent_covered_display": "0", "missing_lines": 13, "excluded_lines": 0, "percent_statements_covered": 0.0, "percent_statements_covered_display": "0"}, "missing_lines": [20, 21, 22, 23, 24, 25, 28, 29, 30, 31, 33, 34, 36], "excluded_lines": [], "start_line": 11}, "": {"executed_lines": [], "summary": {"covered_lines": 0, "num_statements": 4, "percent_covered": 0.0, "percent_covered_display": "0", "missing_lines": 4, "excluded_lines": 0, "percent_statements_covered": 0.0, "percent_statements_covered_display": "0"}, "missing_lines": [6, 7, 8, 11], "excluded_lines": [], "start_line": 1}}, "classes": {"": {"executed_lines": [], "summary": {"covered_lines": 0, "num_statements": 17, "percent_covered": 0.0, "percent_covered_display": "0", "missing_lines": 17, "excluded_lines": 0, "percent_statements_covered": 0.0, "percent_statements_covered_display": "0"}, "missing_lines": [6, 7, 8, 11, 20, 21, 22, 23, 24, 25, 28, 29, 30, 31, 33, 34, 36], "excluded_lines": [], "start_line": 1}}}, "app/auth/__init__.py": {"executed_lines": [], "summary": {"covered_lines": 0, "num_statements": 0, "percent_covered": 100.0, "percent_covered_display": "100", "missing_lines": 0, "excluded_lines": 0, "percent_statements_covered": 100.0, "percent_statements_covered_display": "100"}, "missing_lines": [], "excluded_lines": [], "functions": {"": {"executed_lines": [], "summary": {"covered_lines": 0, "num_statements": 0, "percent_covered": 100.0, "percent_covered_display": "100", "missing_lines": 0, "excluded_lines": 0, "percent_statements_covered": 100.0, "percent_statements_covered_display": "100"}, "missing_lines": [], "excluded_lines": [], "start_line": 1}}, "classes": {"": {"executed_lines": [], "summary": {"covered_lines": 0, "num_statements": 0, "percent_covered": 100.0, "percent_covered_display": "100", "missing_lines": 0, "excluded_lines": 0, "percent_statements_covered": 100.0, "percent_statements_covered_display": "100"}, "missing_lines": [], "excluded_lines": [], "start_line": 1}}}, "app/auth/auth_manager.py": {"executed_lines": [7, 8, 9, 10, 11, 12, 13, 14, 16, 18, 20, 21, 22, 23, 26, 27, 29, 30, 31, 32, 33, 34, 35, 36, 37, 38, 39, 40, 41, 43, 44, 45, 47, 48, 64, 65, 66, 83, 86, 87, 88, 90, 91, 92, 94, 95, 96, 98, 99, 100, 102, 104, 105, 106, 107, 108, 109, 110, 111, 112, 113, 114, 115, 117, 122, 123, 124, 135, 136, 141, 142, 143, 144, 147, 148, 150, 152, 168, 169, 170, 172, 173, 174, 175, 176, 177, 178, 179, 180, 181, 182, 183, 185, 186, 187, 188, 189, 191, 192, 193, 194, 195, 197, 199, 200, 201, 202, 205, 207, 209, 210, 211, 212, 220, 221, 222, 223, 224, 227, 228, 229, 230, 231, 232, 233, 234, 235, 236, 237, 238, 239, 240, 242, 247, 248, 249, 250, 251, 252, 262, 263, 265, 266, 268, 269, 272, 273, 274, 275, 276, 277, 278, 279, 280, 282, 284, 285, 286, 287, 290, 291, 293, 294, 295, 296, 298, 300, 301, 302, 303], "summary": {"covered_lines": 170, "num_statements": 176, "percent_covered": 96.5909090909091, "percent_covered_display": "97", "missing_lines": 6, "excluded_lines": 0, "percent_statements_covered": 96.5909090909091, "percent_statements_covered_display": "97"}, "missing_lines": [203, 204, 288, 289, 304, 305], "excluded_lines": [], "functions": {"UserSession.is_valid": {"executed_lines": [45], "summary": {"covered_lines": 1, "num_statements": 1, "percent_covered": 100.0, "percent_covered_display": "100", "missing_lines": 0, "excluded_lines": 0, "percent_statements_covered": 100.0, "percent_statements_covered_display": "100"}, "missing_lines": [], "excluded_lines": [], "start_line": 44}, "UserSession.to_dict": {"executed_lines": [48], "summary": {"covered_lines": 1, "num_statements": 1, "percent_covered": 100.0, "percent_covered_display": "100", "missing_lines": 0, "excluded_lines": 0, "percent_statements_covered": 100.0, "percent_statements_covered_display": "100"}, "missing_lines": [], "excluded_lines": [], "start_line": 47}, "UserSession.from_dict": {"executed_lines": [66], "summary": {"covered_lines": 1, "num_statements": 1, "percent_covered": 100.0, "percent_covered_display": "100", "missing_lines": 0, "excluded_lines": 0, "percent_statements_covered": 100.0, "percent_statements_covered_display": "100"}, "missing_lines": [], "excluded_lines": [], "start_line": 65}, "AuthManager.__init__": {"executed_lines": [91, 92], "summary": {"covered_lines": 2, "num_statements": 2, "percent_covered": 100.0, "percent_covered_display": "100", "missing_lines": 0, "excluded_lines": 0, "percent_statements_covered": 100.0, "percent_statements_covered_display": "100"}, "missing_lines": [], "excluded_lines": [], "start_line": 90}, "AuthManager.session": {"executed_lines": [96], "summary": {"covered_lines": 1, "num_statements": 1, "percent_covered": 100.0, "percent_covered_display": "100", "missing_lines": 0, "excluded_lines": 0, "percent_statements_covered": 100.0, "percent_statements_covered_display": "100"}, "missing_lines": [], "excluded_lines": [], "start_line": 95}, "AuthManager.is_logged_in": {"executed_lines": [100], "summary": {"covered_lines": 1, "num_statements": 1, "percent_covered": 100.0, "percent_covered_display": "100", "missing_lines": 0, "excluded_lines": 0, "percent_statements_covered": 100.0, "percent_statements_covered_display": "100"}, "missing_lines": [], "excluded_lines": [], "start_line": 99}, "AuthManager.try_restore_session": {"executed_lines": [104, 105, 106, 107, 108, 109, 110, 111, 112, 113, 114, 115], "summary": {"covered_lines": 12, "num_statements": 12, "percent_covered": 100.0, "percent_covered_display": "100", "missing_lines": 0, "excluded_lines": 0, "percent_statements_covered": 100.0, "percent_statements_covered_display": "100"}, "missing_lines": [], "excluded_lines": [], "start_line": 102}, "AuthManager.login": {"executed_lines": [122, 123, 124, 135, 136, 141, 142, 143, 144, 147, 148, 150, 152, 168, 169, 170, 172, 173, 174, 175, 176, 177, 178, 179, 180, 181, 182, 183, 185, 186, 187, 188, 189, 191, 192, 193, 194, 195], "summary": {"covered_lines": 38, "num_statements": 38, "percent_covered": 100.0, "percent_covered_display": "100", "missing_lines": 0, "excluded_lines": 0, "percent_statements_covered": 100.0, "percent_statements_covered_display": "100"}, "missing_lines": [], "excluded_lines": [], "start_line": 117}, "AuthManager.logout": {"executed_lines": [199, 200, 201, 202, 205], "summary": {"covered_lines": 5, "num_statements": 7, "percent_covered": 71.42857142857143, "percent_covered_display": "71", "missing_lines": 2, "excluded_lines": 0, "percent_statements_covered": 71.42857142857143, "percent_statements_covered_display": "71"}, "missing_lines": [203, 204], "excluded_lines": [], "start_line": 197}, "AuthManager.fetch_user_info": {"executed_lines": [209, 210, 211, 212, 220, 221, 222, 223, 224, 227, 228, 229, 230, 231, 232, 233, 234, 235, 236, 237, 238, 239, 240], "summary": {"covered_lines": 23, "num_statements": 23, "percent_covered": 100.0, "percent_covered_display": "100", "missing_lines": 0, "excluded_lines": 0, "percent_statements_covered": 100.0, "percent_statements_covered_display": "100"}, "missing_lines": [], "excluded_lines": [], "start_line": 207}, "AuthManager.update_user": {"executed_lines": [247, 248, 249, 250, 251, 252, 262, 263, 265, 266, 268, 269, 272, 273, 274, 275, 276, 277, 278, 279, 280, 282, 284, 285, 286, 287, 290, 291, 293, 294, 295, 296], "summary": {"covered_lines": 32, "num_statements": 34, "percent_covered": 94.11764705882354, "percent_covered_display": "94", "missing_lines": 2, "excluded_lines": 0, "percent_statements_covered": 94.11764705882354, "percent_statements_covered_display": "94"}, "missing_lines": [288, 289], "excluded_lines": [], "start_line": 242}, "AuthManager._save_session": {"executed_lines": [300, 301, 302, 303], "summary": {"covered_lines": 4, "num_statements": 6, "percent_covered": 66.66666666666667, "percent_covered_display": "67", "missing_lines": 2, "excluded_lines": 0, "percent_statements_covered": 66.66666666666667, "percent_statements_covered_display": "67"}, "missing_lines": [304, 305], "excluded_lines": [], "start_line": 298}, "": {"executed_lines": [7, 8, 9, 10, 11, 12, 13, 14, 16, 18, 20, 21, 22, 23, 26, 27, 29, 30, 31, 32, 33, 34, 35, 36, 37, 38, 39, 40, 41, 43, 44, 47, 64, 65, 83, 86, 87, 88, 90, 94, 95, 98, 99, 102, 117, 197, 207, 242, 298], "summary": {"covered_lines": 49, "num_statements": 49, "percent_covered": 100.0, "percent_covered_display": "100", "missing_lines": 0, "excluded_lines": 0, "percent_statements_covered": 100.0, "percent_statements_covered_display": "100"}, "missing_lines": [], "excluded_lines": [], "start_line": 1}}, "classes": {"UserSession": {"executed_lines": [45, 48, 66], "summary": {"covered_lines": 3, "num_statements": 3, "percent_covered": 100.0, "percent_covered_display": "100", "missing_lines": 0, "excluded_lines": 0, "percent_statements_covered": 100.0, "percent_statements_covered_display": "100"}, "missing_lines": [], "excluded_lines": [], "start_line": 27}, "AuthManager": {"executed_lines": [91, 92, 96, 100, 104, 105, 106, 107, 108, 109, 110, 111, 112, 113, 114, 115, 122, 123, 124, 135, 136, 141, 142, 143, 144, 147, 148, 150, 152, 168, 169, 170, 172, 173, 174, 175, 176, 177, 178, 179, 180, 181, 182, 183, 185, 186, 187, 188, 189, 191, 192, 193, 194, 195, 199, 200, 201, 202, 205, 209, 210, 211, 212, 220, 221, 222, 223, 224, 227, 228, 229, 230, 231, 232, 233, 234, 235, 236, 237, 238, 239, 240, 247, 248, 249, 250, 251, 252, 262, 263, 265, 266, 268, 269, 272, 273, 274, 275, 276, 277, 278, 279, 280, 282, 284, 285, 286, 287, 290, 291, 293, 294, 295, 296, 300, 301, 302, 303], "summary": {"covered_lines": 118, "num_statements": 124, "percent_covered": 95.16129032258064, "percent_covered_display": "95", "missing_lines": 6, "excluded_lines": 0, "percent_statements_covered": 95.16129032258064, "percent_statements_covered_display": "95"}, "missing_lines": [203, 204, 288, 289, 304, 305], "excluded_lines": [], "start_line": 83}, "": {"executed_lines": [7, 8, 9, 10, 11, 12, 13, 14, 16, 18, 20, 21, 22, 23, 26, 27, 29, 30, 31, 32, 33, 34, 35, 36, 37, 38, 39, 40, 41, 43, 44, 47, 64, 65, 83, 86, 87, 88, 90, 94, 95, 98, 99, 102, 117, 197, 207, 242, 298], "summary": {"covered_lines": 49, "num_statements": 49, "percent_covered": 100.0, "percent_covered_display": "100", "missing_lines": 0, "excluded_lines": 0, "percent_statements_covered": 100.0, "percent_statements_covered_display": "100"}, "missing_lines": [], "excluded_lines": [], "start_line": 1}}}, "app/i18n/__init__.py": {"executed_lines": [], "summary": {"covered_lines": 0, "num_statements": 0, "percent_covered": 100.0, "percent_covered_display": "100", "missing_lines": 0, "excluded_lines": 0, "percent_statements_covered": 100.0, "percent_statements_covered_display": "100"}, "missing_lines": [], "excluded_lines": [], "functions": {"": {"executed_lines": [], "summary": {"covered_lines": 0, "num_statements": 0, "percent_covered": 100.0, "percent_covered_display": "100", "missing_lines": 0, "excluded_lines": 0, "percent_statements_covered": 100.0, "percent_statements_covered_display": "100"}, "missing_lines": [], "excluded_lines": [], "start_line": 1}}, "classes": {"": {"executed_lines": [], "summary": {"covered_lines": 0, "nu
[...]
es": 0, "percent_statements_covered": 100.0, "percent_statements_covered_display": "100"}, "missing_lines": [], "excluded_lines": [], "start_line": 196}, "TaskQueueTable._update_headers": {"executed_lines": [232, 236, 237, 238, 239, 241, 242], "summary": {"covered_lines": 7, "num_statements": 7, "percent_covered": 100.0, "percent_covered_display": "100", "missing_lines": 0, "excluded_lines": 0, "percent_statements_covered": 100.0, "percent_statements_covered_display": "100"}, "missing_lines": [], "excluded_lines": [], "start_line": 230}, "TaskQueueTable.load_data": {"executed_lines": [246, 247, 248, 249, 251, 252, 253, 254, 257, 260, 261, 262, 263, 264, 265, 266, 267, 268, 269, 272, 273, 274, 275, 278, 279, 280, 281, 283, 284, 285, 286, 288, 289, 290, 291, 293, 294, 297, 298, 299, 302, 303, 305, 308, 309, 312, 313, 314, 315, 318, 319, 320, 321, 323, 324, 325, 327, 328, 329, 330, 342, 343, 344, 345, 346, 347, 348, 351, 352, 353, 354, 355, 357, 358, 361, 362, 363, 364, 365, 366, 369, 374, 375, 376, 379, 380, 381, 382, 383, 384, 385, 387, 391, 392, 393, 396, 397, 398, 400, 401, 402, 403, 404, 407, 409, 411, 414, 415, 416, 417, 418, 419, 425, 428], "summary": {"covered_lines": 114, "num_statements": 133, "percent_covered": 85.71428571428571, "percent_covered_display": "86", "missing_lines": 19, "excluded_lines": 0, "percent_statements_covered": 85.71428571428571, "percent_statements_covered_display": "86"}, "missing_lines": [300, 304, 331, 332, 333, 334, 335, 338, 339, 340, 367, 368, 370, 371, 372, 388, 389, 420, 423], "excluded_lines": [], "start_line": 244}, "TaskQueueTable._emit_selection": {"executed_lines": [], "summary": {"covered_lines": 0, "num_statements": 5, "percent_covered": 0.0, "percent_covered_display": "0", "missing_lines": 5, "excluded_lines": 0, "percent_statements_covered": 0.0, "percent_statements_covered_display": "0"}, "missing_lines": [432, 433, 434, 435, 436], "excluded_lines": [], "start_line": 430}, "TaskQueueTable.get_selected_ids": {"executed_lines": [], "summary": {"covered_lines": 0, "num_statements": 1, "percent_covered": 0.0, "percent_covered_display": "0", "missing_lines": 1, "excluded_lines": 0, "percent_statements_covered": 0.0, "percent_statements_covered_display": "0"}, "missing_lines": [440], "excluded_lines": [], "start_line": 438}, "TaskQueueTable.select_all": {"executed_lines": [], "summary": {"covered_lines": 0, "num_statements": 2, "percent_covered": 0.0, "percent_covered_display": "0", "missing_lines": 2, "excluded_lines": 0, "percent_statements_covered": 0.0, "percent_statements_covered_display": "0"}, "missing_lines": [444, 445], "excluded_lines": [], "start_line": 442}, "TaskQueueTable.retranslate": {"executed_lines": [449], "summary": {"covered_lines": 1, "num_statements": 1, "percent_covered": 100.0, "percent_covered_display": "100", "missing_lines": 0, "excluded_lines": 0, "percent_statements_covered": 100.0, "percent_statements_covered_display": "100"}, "missing_lines": [], "excluded_lines": [], "start_line": 447}, "TaskQueueTable._show_image_preview": {"executed_lines": [], "summary": {"covered_lines": 0, "num_statements": 2, "percent_covered": 0.0, "percent_covered_display": "0", "missing_lines": 2, "excluded_lines": 0, "percent_statements_covered": 0.0, "percent_statements_covered_display": "0"}, "missing_lines": [453, 454], "excluded_lines": [], "start_line": 451}, "": {"executed_lines": [7, 13, 14, 15, 16, 17, 20, 22, 24, 29, 35, 38, 134, 148, 151, 157, 161, 164, 168, 171, 172, 173, 175, 186, 196, 230, 244, 430, 438, 442, 447, 451], "summary": {"covered_lines": 32, "num_statements": 32, "percent_covered": 100.0, "percent_covered_display": "100", "missing_lines": 0, "excluded_lines": 0, "percent_statements_covered": 100.0, "percent_statements_covered_display": "100"}, "missing_lines": [], "excluded_lines": [], "start_line": 1}}, "classes": {"ClickableLabel": {"executed_lines": [25, 26, 27], "summary": {"covered_lines": 3, "num_statements": 6, "percent_covered": 50.0, "percent_covered_display": "50", "missing_lines": 3, "excluded_lines": 0, "percent_statements_covered": 50.0, "percent_statements_covered_display": "50"}, "missing_lines": [30, 31, 32], "excluded_lines": [], "start_line": 20}, "ImagePreviewDialog": {"executed_lines": [39, 40, 41, 42, 43, 45, 48, 49, 50, 52, 53, 54, 57, 58, 59, 60, 62, 63, 64, 65, 71, 72, 74, 75, 78, 79, 80, 86, 87, 88, 91, 92, 93, 94, 106, 107, 109, 112, 113, 114, 115, 127, 128, 130, 132], "summary": {"covered_lines": 45, "num_statements": 54, "percent_covered": 83.33333333333333, "percent_covered_display": "83", "missing_lines": 9, "excluded_lines": 0, "percent_statements_covered": 83.33333333333333, "percent_statements_covered_display": "83"}, "missing_lines": [66, 69, 136, 137, 138, 139, 140, 144, 145], "excluded_lines": [], "start_line": 35}, "PromptDelegate": {"executed_lines": [], "summary": {"covered_lines": 0, "num_statements": 8, "percent_covered": 0.0, "percent_covered_display": "0", "missing_lines": 8, "excluded_lines": 0, "percent_statements_covered": 0.0, "percent_statements_covered_display": "0"}, "missing_lines": [152, 153, 154, 155, 158, 159, 162, 165], "excluded_lines": [], "start_line": 148}, "TaskQueueTable": {"executed_lines": [187, 188, 189, 190, 191, 192, 193, 194, 198, 199, 200, 201, 202, 203, 204, 205, 208, 209, 212, 213, 214, 215, 218, 219, 220, 221, 223, 224, 227, 228, 232, 236, 237, 238, 239, 241, 242, 246, 247, 248, 249, 251, 252, 253, 254, 257, 260, 261, 262, 263, 264, 265, 266, 267, 268, 269, 272, 273, 274, 275, 278, 279, 280, 281, 283, 284, 285, 286, 288, 289, 290, 291, 293, 294, 297, 298, 299, 302, 303, 305, 308, 309, 312, 313, 314, 315, 318, 319, 320, 321, 323, 324, 325, 327, 328, 329, 330, 342, 343, 344, 345, 346, 347, 348, 351, 352, 353, 354, 355, 357, 358, 361, 362, 363, 364, 365, 366, 369, 374, 375, 376, 379, 380, 381, 382, 383, 384, 385, 387, 391, 392, 393, 396, 397, 398, 400, 401, 402, 403, 404, 407, 409, 411, 414, 415, 416, 417, 418, 419, 425, 428, 449], "summary": {"covered_lines": 152, "num_statements": 181, "percent_covered": 83.97790055248619, "percent_covered_display": "84", "missing_lines": 29, "excluded_lines": 0, "percent_statements_covered": 83.97790055248619, "percent_statements_covered_display": "84"}, "missing_lines": [300, 304, 331, 332, 333, 334, 335, 338, 339, 340, 367, 368, 370, 371, 372, 388, 389, 420, 423, 432, 433, 434, 435, 436, 440, 444, 445, 453, 454], "excluded_lines": [], "start_line": 168}, "": {"executed_lines": [7, 13, 14, 15, 16, 17, 20, 22, 24, 29, 35, 38, 134, 148, 151, 157, 161, 164, 168, 171, 172, 173, 175, 186, 196, 230, 244, 430, 438, 442, 447, 451], "summary": {"covered_lines": 32, "num_statements": 32, "percent_covered": 100.0, "percent_covered_display": "100", "missing_lines": 0, "excluded_lines": 0, "percent_statements_covered": 100.0, "percent_statements_covered_display": "100"}, "missing_lines": [], "excluded_lines": [], "start_line": 1}}}, "app/widgets/toggle_switch.py": {"executed_lines": [6, 7, 10, 13, 17, 18, 19, 22, 23, 24, 25, 27, 28, 29, 30, 33, 36, 37, 38, 40, 43, 44, 46, 47, 48, 50, 53, 54, 55, 56, 57, 60, 61, 62, 63, 65, 66, 68, 69, 70, 73, 74, 77, 78, 79, 80, 87, 88, 89, 92, 93, 94, 95, 98, 99, 100, 103, 104, 107, 108, 109, 110, 111, 113, 115, 117, 119, 121, 122, 123], "summary": {"covered_lines": 70, "num_statements": 70, "percent_covered": 100.0, "percent_covered_display": "100", "missing_lines": 0, "excluded_lines": 0, "percent_statements_covered": 100.0, "percent_statements_covered_display": "100"}, "missing_lines": [], "excluded_lines": [], "functions": {"ToggleSwitch.__init__": {"executed_lines": [28, 29, 30, 33, 36, 37, 38, 40], "summary": {"covered_lines": 8, "num_statements": 8, "percent_covered": 100.0, "percent_covered_display": "100", "missing_lines": 0, "excluded_lines": 0, "percent_statements_covered": 100.0, "percent_statements_covered_display": "100"}, "missing_lines": [], "excluded_lines": [], "start_line": 27}, "ToggleSwitch._get_position": {"executed_lines": [44], "summary": {"covered_lines": 1, "num_statements": 1, "percent_covered": 100.0, "percent_covered_display": "100", "missing_lines": 0, "excluded_lines": 0, "percent_statements_covered": 100.0, "percent_statements_covered_display": "100"}, "missing_lines": [], "excluded_lines": [], "start_line": 43}, "ToggleSwitch._set_position": {"executed_lines": [47, 48], "summary": {"covered_lines": 2, "num_statements": 2, "percent_covered": 100.0, "percent_covered_display": "100", "missing_lines": 0, "excluded_lines": 0, "percent_statements_covered": 100.0, "percent_statements_covered_display": "100"}, "missing_lines": [], "excluded_lines": [], "start_line": 46}, "ToggleSwitch._on_state_changed": {"executed_lines": [54, 55, 56, 57], "summary": {"covered_lines": 4, "num_statements": 4, "percent_covered": 100.0, "percent_covered_display": "100", "missing_lines": 0, "excluded_lines": 0, "percent_statements_covered": 100.0, "percent_statements_covered_display": "100"}, "missing_lines": [], "excluded_lines": [], "start_line": 53}, "ToggleSwitch.sizeHint": {"executed_lines": [61, 62, 63], "summary": {"covered_lines": 3, "num_statements": 3, "percent_covered": 100.0, "percent_covered_display": "100", "missing_lines": 0, "excluded_lines": 0, "percent_statements_covered": 100.0, "percent_statements_covered_display": "100"}, "missing_lines": [], "excluded_lines": [], "start_line": 60}, "ToggleSwitch.minimumSizeHint": {"executed_lines": [66], "summary": {"covered_lines": 1, "num_statements": 1, "percent_covered": 100.0, "percent_covered_display": "100", "missing_lines": 0, "excluded_lines": 0, "percent_statements_covered": 100.0, "percent_statements_covered_display": "100"}, "missing_lines": [], "excluded_lines": [], "start_line": 65}, "ToggleSwitch.paintEvent": {"executed_lines": [69, 70, 73, 74, 77, 78, 79, 80, 87, 88, 89, 92, 93, 94, 95, 98, 99, 100, 103, 104, 107, 108, 109, 110, 111, 113], "summary": {"covered_lines": 26, "num_statements": 26, "percent_covered": 100.0, "percent_covered_display": "100", "missing_lines": 0, "excluded_lines": 0, "percent_statements_covered": 100.0, "percent_statements_covered_display": "100"}, "missing_lines": [], "excluded_lines": [], "start_line": 68}, "ToggleSwitch.hitButton": {"executed_lines": [117], "summary": {"covered_lines": 1, "num_statements": 1, "percent_covered": 100.0, "percent_covered_display": "100", "missing_lines": 0, "excluded_lines": 0, "percent_statements_covered": 100.0, "percent_statements_covered_display": "100"}, "missing_lines": [], "excluded_lines": [], "start_line": 115}, "ToggleSwitch.set_track_colors": {"executed_lines": [121, 122, 123], "summary": {"covered_lines": 3, "num_statements": 3, "percent_covered": 100.0, "percent_covered_display": "100", "missing_lines": 0, "excluded_lines": 0, "percent_statements_covered": 100.0, "percent_statements_covered_display": "100"}, "missing_lines": [], "excluded_lines": [], "start_line": 119}, "": {"executed_lines": [6, 7, 10, 13, 17, 18, 19, 22, 23, 24, 25, 27, 43, 46, 50, 53, 60, 65, 68, 115, 119], "summary": {"covered_lines": 21, "num_statements": 21, "percent_covered": 100.0, "percent_covered_display": "100", "missing_lines": 0, "excluded_lines": 0, "percent_statements_covered": 100.0, "percent_statements_covered_display": "100"}, "missing_lines": [], "excluded_lines": [], "start_line": 1}}, "classes": {"ToggleSwitch": {"executed_lines": [28, 29, 30, 33, 36, 37, 38, 40, 44, 47, 48, 54, 55, 56, 57, 61, 62, 63, 66, 69, 70, 73, 74, 77, 78, 79, 80, 87, 88, 89, 92, 93, 94, 95, 98, 99, 100, 103, 104, 107, 108, 109, 110, 111, 113, 117, 121, 122, 123], "summary": {"covered_lines": 49, "num_statements": 49, "percent_covered": 100.0, "percent_covered_display": "100", "missing_lines": 0, "excluded_lines": 0, "percent_statements_covered": 100.0, "percent_statements_covered_display": "100"}, "missing_lines": [], "excluded_lines": [], "start_line": 13}, "": {"executed_lines": [6, 7, 10, 13, 17, 18, 19, 22, 23, 24, 25, 27, 43, 46, 50, 53, 60, 65, 68, 115, 119], "summary": {"covered_lines": 21, "num_statements": 21, "percent_covered": 100.0, "percent_covered_display": "100", "missing_lines": 0, "excluded_lines": 0, "percent_statements_covered": 100.0, "percent_statements_covered_display": "100"}, "missing_lines": [], "excluded_lines": [], "start_line": 1}}}, "app/widgets/token_manager_dialog.py": {"executed_lines": [6, 7, 12, 15, 18, 20, 21, 22, 23, 24, 25, 26, 27, 28, 29, 30, 32, 33, 34, 35, 38, 39, 40, 43, 44, 45, 46, 47, 49, 50, 51, 54, 55, 56, 59, 62, 63, 64, 67, 68, 71, 72, 75, 76, 77, 79, 80, 81, 82, 83, 84, 86, 89, 90, 91, 93, 94, 95, 96, 97, 98, 99, 101, 102, 105, 106, 108, 109, 110, 111, 112, 114, 117, 118, 119, 121, 122, 125, 126, 127, 128, 136, 137, 138, 139, 140, 141, 144, 145, 146, 147, 148, 149, 150, 151, 152, 153, 154, 155, 157, 160, 161, 163, 164, 165, 167, 169, 170, 171, 172, 174, 176, 178, 179, 181, 182, 184, 185, 186, 189, 190, 191, 194, 195, 196, 197, 198, 201, 202, 203, 204, 205, 208, 209, 210, 211, 212, 213, 214, 215, 216, 217, 218, 219, 220, 222, 223, 224, 225, 226, 229, 230, 231, 232, 233, 234, 235, 236, 237, 238, 243, 247, 248, 249, 250, 253, 254, 255, 256, 257, 258, 260, 261, 262, 263, 264, 267, 269, 270, 271, 272, 273, 276, 278, 280, 284, 286, 287, 289, 290, 292, 293, 295, 300, 301, 303, 305, 306, 307, 309, 310, 311, 312, 313, 315, 316, 318, 320, 321, 322, 324, 325, 326, 327, 328, 330, 331, 332, 333, 334, 335, 336, 337, 339, 341, 342, 343, 345, 347, 348, 349, 350, 351, 352, 353, 354, 356, 358, 359, 360, 361, 362], "summary": {"covered_lines": 242, "num_statements": 247, "percent_covered": 97.97570850202429, "percent_covered_display": "98", "missing_lines": 5, "excluded_lines": 0, "percent_statements_covered": 97.97570850202429, "percent_statements_covered_display": "98"}, "missing_lines": [180, 240, 241, 244, 245], "excluded_lines": [], "functions": {"TokenManagerDialog.__init__": {"executed_lines": [21, 22, 23, 24, 25, 26, 27, 28, 29, 30], "summary": {"covered_lines": 10, "num_statements": 10, "percent_covered": 100.0, "percent_covered_display": "100", "missing_lines": 0, "excluded_lines": 0, "percent_statements_covered": 100.0, "percent_statements_covered_display": "100"}, "missing_lines": [], "excluded_lines": [], "start_line": 20}, "TokenManagerDialog._setup_ui": {"executed_lines": [33, 34, 35, 38, 39, 40, 43, 44, 45, 46, 47, 49, 50, 51, 54, 55, 56, 59, 62, 63, 64, 67, 68, 71, 72, 75, 76, 77, 79, 80, 81, 82, 83, 84, 86, 89, 90, 91, 93, 94, 95, 96, 97, 98, 99, 101, 102, 105, 106, 108, 109, 110, 111, 112, 114, 117, 118, 119, 121, 122, 125, 126, 127, 128, 136, 137, 138, 139, 140, 141, 144, 145, 146, 147, 148, 149, 150, 151, 152, 153, 154, 155, 157, 160, 161, 163, 164, 165, 167, 169, 170, 171, 172, 174], "summary": {"covered_lines": 94, "num_statements": 94, "percent_covered": 100.0, "percent_covered_display": "100", "missing_lines": 0, "excluded_lines": 0, "percent_statements_covered": 100.0, "percent_statements_covered_display": "100"}, "missing_lines": [], "excluded_lines": [], "start_line": 32}, "TokenManagerDialog._load_tokens": {"executed_lines": [178, 179, 181, 182, 184, 185, 186, 189, 190, 191, 194, 195, 196, 197, 198, 201, 202, 203, 204, 205, 208, 209, 210, 211, 212, 213, 214, 215, 216, 217, 218, 219, 220, 222, 223, 224, 225, 226, 229, 230, 231, 232, 233, 234, 235, 236, 237, 238, 243, 247, 248, 249, 250, 253, 254, 255, 256, 257, 258, 260, 261, 262, 263, 264, 267, 269, 270, 271, 272, 273, 276, 278, 280], "summary": {"covered_lines": 73, "num_statements": 78, "percent_covered": 93.58974358974359, "percent_covered_display": "94", "missing_lines": 5, "excluded_lines": 0, "percent_statements_covered": 93.58974358974359, "percent_statements_covered_display": "94"}, "missing_lines": [180, 240, 241, 244, 245], "excluded_lines": [], "start_line": 176}, "TokenManagerDialog._on_save": {"executed_lines": [286, 287, 289, 290, 292, 293, 295, 300, 301, 303, 305, 306, 307, 309, 310, 311, 312, 313, 315, 316], "summary": {"covered_lines": 20, "num_statements": 20, "percent_covered": 100.0, "percent_covered_display": "100", "missing_lines": 0, "excluded_lines": 0, "percent_statements_covered": 100.0, "percent_statements_covered_display": "100"}, "missing_lines": [], "excluded_lines": [], "start_line": 284}, "TokenManagerDialog._on_edit": {"executed_lines": [320, 321, 322, 324, 325, 326, 327, 328, 330, 331, 332, 333, 334, 335, 336, 337, 339, 341, 342, 343], "summary": {"covered_lines": 20, "num_statements": 20, "percent_covered": 100.0, "percent_covered_display": "100", "missing_lines": 0, "excluded_lines": 0, "percent_statements_covered": 100.0, "percent_statements_covered_display": "100"}, "missing_lines": [], "excluded_lines": [], "start_line": 318}, "TokenManagerDialog._on_cancel_edit": {"executed_lines": [347, 348, 349, 350, 351, 352, 353, 354], "summary": {"covered_lines": 8, "num_statements": 8, "percent_covered": 100.0, "percent_covered_display": "100", "missing_lines": 0, "excluded_lines": 0, "percent_statements_covered": 100.0, "percent_statements_covered_display": "100"}, "missing_lines": [], "excluded_lines": [], "start_line": 345}, "TokenManagerDialog._on_delete": {"executed_lines": [358, 359, 360, 361, 362], "summary": {"covered_lines": 5, "num_statements": 5, "percent_covered": 100.0, "percent_covered_display": "100", "missing_lines": 0, "excluded_lines": 0, "percent_statements_covered": 100.0, "percent_statements_covered_display": "100"}, "missing_lines": [], "excluded_lines": [], "start_line": 356}, "": {"executed_lines": [6, 7, 12, 15, 18, 20, 32, 176, 284, 318, 345, 356], "summary": {"covered_lines": 12, "num_statements": 12, "percent_covered": 100.0, "percent_covered_display": "100", "missing_lines": 0, "excluded_lines": 0, "percent_statements_covered": 100.0, "percent_statements_covered_display": "100"}, "missing_lines": [], "excluded_lines": [], "start_line": 1}}, "classes": {"TokenManagerDialog": {"executed_lines": [21, 22, 23, 24, 25, 26, 27, 28, 29, 30, 33, 34, 35, 38, 39, 40, 43, 44, 45, 46, 47, 49, 50, 51, 54, 55, 56, 59, 62, 63, 64, 67, 68, 71, 72, 75, 76, 77, 79, 80, 81, 82, 83, 84, 86, 89, 90, 91, 93, 94, 95, 96, 97, 98, 99, 101, 102, 105, 106, 108, 109, 110, 111, 112, 114, 117, 118, 119, 121, 122, 125, 126, 127, 128, 136, 137, 138, 139, 140, 141, 144, 145, 146, 147, 148, 149, 150, 151, 152, 153, 154, 155, 157, 160, 161, 163, 164, 165, 167, 169, 170, 171, 172, 174, 178, 179, 181, 182, 184, 185, 186, 189, 190, 191, 194, 195, 196, 197, 198, 201, 202, 203, 204, 205, 208, 209, 210, 211, 212, 213, 214, 215, 216, 217, 218, 219, 220, 222, 223, 224, 225, 226, 229, 230, 231, 232, 233, 234, 235, 236, 237, 238, 243, 247, 248, 249, 250, 253, 254, 255, 256, 257, 258, 260, 261, 262, 263, 264, 267, 269, 270, 271, 272, 273, 276, 278, 280, 286, 287, 289, 290, 292, 293, 295, 300, 301, 303, 305, 306, 307, 309, 310, 311, 312, 313, 315, 316, 320, 321, 322, 324, 325, 326, 327, 328, 330, 331, 332, 333, 334, 335, 336, 337, 339, 341, 342, 343, 347, 348, 349, 350, 351, 352, 353, 354, 358, 359, 360, 361, 362], "summary": {"covered_lines": 230, "num_statements": 235, "percent_covered": 97.87234042553192, "percent_covered_display": "98", "missing_lines": 5, "excluded_lines": 0, "percent_statements_covered": 97.87234042553192, "percent_statements_covered_display": "98"}, "missing_lines": [180, 240, 241, 244, 245], "excluded_lines": [], "start_line": 15}, "": {"executed_lines": [6, 7, 12, 15, 18, 20, 32, 176, 284, 318, 345, 356], "summary": {"covered_lines": 12, "num_statements": 12, "percent_covered": 100.0, "percent_covered_display": "100", "missing_lines": 0, "excluded_lines": 0, "percent_statements_covered": 100.0, "percent_statements_covered_display": "100"}, "missing_lines": [], "excluded_lines": [], "start_line": 1}}}}, "totals": {"covered_lines": 3675, "num_statements": 4952, "percent_covered": 74.2124394184168, "percent_covered_display": "74", "missing_lines": 1277, "excluded_lines": 0, "percent_statements_covered": 74.2124394184168, "percent_statements_covered_display": "74"}}